2024-11-10 01:46:43.748 UTC [28] LOG:  database system was shut down at 2024-11-10 01:46:35 UTC
2024-11-10 01:46:43.769 UTC [1] LOG:  database system is ready to accept connections
2024-11-10 01:46:53.876 UTC [35] LOG:  execute <unnamed>: SET extra_float_digits = 3
2024-11-10 01:46:53.877 UTC [35] LOG:  execute <unnamed>: SET application_name = 'PostgreSQL JDBC Driver'
2024-11-10 01:46:53.923 UTC [35] LOG:  execute <unnamed>: SHOW TRANSACTION ISOLATION LEVEL
2024-11-10 01:46:54.046 UTC [35] LOG:  execute <unnamed>: select string_agg(word, ',') from pg_catalog.pg_get_keywords() where word <> ALL ('{a,abs,absolute,action,ada,add,admin,after,all,allocate,alter,always,and,any,are,array,as,asc,asensitive,assertion,assignment,asymmetric,at,atomic,attribute,attributes,authorization,avg,before,begin,bernoulli,between,bigint,binary,blob,boolean,both,breadth,by,c,call,called,cardinality,cascade,cascaded,case,cast,catalog,catalog_name,ceil,ceiling,chain,char,char_length,character,character_length,character_set_catalog,character_set_name,character_set_schema,characteristics,characters,check,checked,class_origin,clob,close,coalesce,cobol,code_units,collate,collation,collation_catalog,collation_name,collation_schema,collect,column,column_name,command_function,command_function_code,commit,committed,condition,condition_number,connect,connection_name,constraint,constraint_catalog,constraint_name,constraint_schema,constraints,constructors,contains,continue,convert,corr,corresponding,count,covar_pop,covar_samp,create,cross,cube,cume_dist,current,current_collation,current_date,current_default_transform_group,current_path,current_role,current_time,current_timestamp,current_transform_group_for_type,current_user,cursor,cursor_name,cycle,data,date,datetime_interval_code,datetime_interval_precision,day,deallocate,dec,decimal,declare,default,defaults,deferrable,deferred,defined,definer,degree,delete,dense_rank,depth,deref,derived,desc,describe,descriptor,deterministic,diagnostics,disconnect,dispatch,distinct,domain,double,drop,dynamic,dynamic_function,dynamic_function_code,each,element,else,end,end-exec,equals,escape,every,except,exception,exclude,excluding,exec,execute,exists,exp,external,extract,false,fetch,filter,final,first,float,floor,following,for,foreign,fortran,found,free,from,full,function,fusion,g,general,get,global,go,goto,grant,granted,group,grouping,having,hierarchy,hold,hour,identity,immediate,implementation,in,including,increment,indicator,initially,inner,inout,input,insensitive,insert,instance,instantiable,int,integer,intersect,intersection,interval,into,invoker,is,isolation,join,k,key,key_member,key_type,language,large,last,lateral,leading,left,length,level,like,ln,local,localtime,localtimestamp,locator,lower,m,map,match,matched,max,maxvalue,member,merge,message_length,message_octet_length,message_text,method,min,minute,minvalue,mod,modifies,module,month,more,multiset,mumps,name,names,national,natural,nchar,nclob,nesting,new,next,no,none,normalize,normalized,not,"null",nullable,nullif,nulls,number,numeric,object,octet_length,octets,of,old,on,only,open,option,options,or,order,ordering,ordinality,others,out,outer,output,over,overlaps,overlay,overriding,pad,parameter,parameter_mode,parameter_name,parameter_ordinal_position,parameter_specific_catalog,parameter_specific_name,parameter_specific_schema,partial,partition,pascal,path,percent_rank,percentile_cont,percentile_disc,placing,pli,position,power,preceding,precision,prepare,preserve,primary,prior,privileges,procedure,public,range,rank,read,reads,real,recursive,ref,references,referencing,regr_avgx,regr_avgy,regr_count,regr_intercept,regr_r2,regr_slope,regr_sxx,regr_sxy,regr_syy,relative,release,repeatable,restart,result,return,returned_cardinality,returned_length,returned_octet_length,returned_sqlstate,returns,revoke,right,role,rollback,rollup,routine,routine_catalog,routine_name,routine_schema,row,row_count,row_number,rows,savepoint,scale,schema,schema_name,scope_catalog,scope_name,scope_schema,scroll,search,second,section,security,select,self,sensitive,sequence,serializable,server_name,session,session_user,set,sets,similar,simple,size,smallint,some,source,space,specific,specific_name,specifictype,sql,sqlexception,sqlstate,sqlwarning,sqrt,start,state,statement,static,stddev_pop,stddev_samp,structure,style,subclass_origin,submultiset,substring,sum,symmetric,system,system_user,table,table_name,tablesample,temporary,then,ties,time,timestamp,timezone_hour,timezone_minute,to,top_level_count,trailing,transaction,transaction_active,transactions_committed,transactions_rolled_back,transform,transforms,translate,translation,treat,trigger,trigger_catalog,trigger_name,trigger_schema,trim,true,type,uescape,unbounded,uncommitted,under,union,unique,unknown,unnamed,unnest,update,upper,usage,user,user_defined_type_catalog,user_defined_type_code,user_defined_type_name,user_defined_type_schema,using,value,values,var_pop,var_samp,varchar,varying,view,when,whenever,where,width_bucket,window,with,within,without,work,write,year,zone}'::text[])
2024-11-10 01:46:54.055 UTC [36] LOG:  execute <unnamed>: SET extra_float_digits = 3
2024-11-10 01:46:54.056 UTC [36] LOG:  execute <unnamed>: SET application_name = 'PostgreSQL JDBC Driver'
2024-11-10 01:46:54.082 UTC [37] LOG:  execute <unnamed>: SET extra_float_digits = 3
2024-11-10 01:46:54.083 UTC [37] LOG:  execute <unnamed>: SET application_name = 'PostgreSQL JDBC Driver'
2024-11-10 01:46:54.091 UTC [35] LOG:  execute <unnamed>: select current_schema()
2024-11-10 01:46:54.094 UTC [35] LOG:  execute <unnamed>: select current_schema()
2024-11-10 01:46:54.106 UTC [38] LOG:  execute <unnamed>: SET extra_float_digits = 3
2024-11-10 01:46:54.107 UTC [38] LOG:  execute <unnamed>: SET application_name = 'PostgreSQL JDBC Driver'
2024-11-10 01:46:54.138 UTC [39] LOG:  execute <unnamed>: SET extra_float_digits = 3
2024-11-10 01:46:54.140 UTC [39] LOG:  execute <unnamed>: SET application_name = 'PostgreSQL JDBC Driver'
2024-11-10 01:46:54.168 UTC [40] LOG:  execute <unnamed>: SET extra_float_digits = 3
2024-11-10 01:46:54.169 UTC [40] LOG:  execute <unnamed>: SET application_name = 'PostgreSQL JDBC Driver'
2024-11-10 01:46:54.193 UTC [41] LOG:  execute <unnamed>: SET extra_float_digits = 3
2024-11-10 01:46:54.194 UTC [41] LOG:  execute <unnamed>: SET application_name = 'PostgreSQL JDBC Driver'
2024-11-10 01:46:54.212 UTC [42] LOG:  execute <unnamed>: SET extra_float_digits = 3
2024-11-10 01:46:54.213 UTC [42] LOG:  execute <unnamed>: SET application_name = 'PostgreSQL JDBC Driver'
2024-11-10 01:46:54.234 UTC [43] LOG:  execute <unnamed>: SET extra_float_digits = 3
2024-11-10 01:46:54.235 UTC [43] LOG:  execute <unnamed>: SET application_name = 'PostgreSQL JDBC Driver'
2024-11-10 01:46:54.254 UTC [44] LOG:  execute <unnamed>: SET extra_float_digits = 3
2024-11-10 01:46:54.255 UTC [44] LOG:  execute <unnamed>: SET application_name = 'PostgreSQL JDBC Driver'
2024-11-10 01:46:54.523 UTC [35] LOG:  execute <unnamed>: select * from information_schema.sequences
2024-11-10 01:46:55.917 UTC [35] LOG:  execute <unnamed>: select * from information_schema.sequences
2024-11-10 01:46:55.926 UTC [35] LOG:  execute <unnamed>: SELECT NULL AS TABLE_CAT, n.nspname AS TABLE_SCHEM, c.relname AS TABLE_NAME,  CASE n.nspname ~ '^pg_' OR n.nspname = 'information_schema'  WHEN true THEN CASE  WHEN n.nspname = 'pg_catalog' OR n.nspname = 'information_schema' THEN CASE c.relkind   WHEN 'r' THEN 'SYSTEM TABLE'   WHEN 'v' THEN 'SYSTEM VIEW'   WHEN 'i' THEN 'SYSTEM INDEX'   ELSE NULL   END  WHEN n.nspname = 'pg_toast' THEN CASE c.relkind   WHEN 'r' THEN 'SYSTEM TOAST TABLE'   WHEN 'i' THEN 'SYSTEM TOAST INDEX'   ELSE NULL   END  ELSE CASE c.relkind   WHEN 'r' THEN 'TEMPORARY TABLE'   WHEN 'p' THEN 'TEMPORARY TABLE'   WHEN 'i' THEN 'TEMPORARY INDEX'   WHEN 'S' THEN 'TEMPORARY SEQUENCE'   WHEN 'v' THEN 'TEMPORARY VIEW'   ELSE NULL   END  END  WHEN false THEN CASE c.relkind  WHEN 'r' THEN 'TABLE'  WHEN 'p' THEN 'PARTITIONED TABLE'  WHEN 'i' THEN 'INDEX'  WHEN 'P' then 'PARTITIONED INDEX'  WHEN 'S' THEN 'SEQUENCE'  WHEN 'v' THEN 'VIEW'  WHEN 'c' THEN 'TYPE'  WHEN 'f' THEN 'FOREIGN TABLE'  WHEN 'm' THEN 'MATERIALIZED VIEW'  ELSE NULL  END  ELSE NULL  END  AS TABLE_TYPE, d.description AS REMARKS,  '' as TYPE_CAT, '' as TYPE_SCHEM, '' as TYPE_NAME, '' AS SELF_REFERENCING_COL_NAME, '' AS REF_GENERATION  FROM pg_catalog.pg_namespace n, pg_catalog.pg_class c  LEFT JOIN pg_catalog.pg_description d ON (c.oid = d.objoid AND d.objsubid = 0  and d.classoid = 'pg_class'::regclass)  WHERE c.relnamespace = n.oid  AND n.nspname LIKE 'public' AND c.relname LIKE '%' AND (false  OR ( c.relkind = 'r' AND n.nspname !~ '^pg_' AND n.nspname <> 'information_schema' )  OR ( c.relkind = 'v' AND n.nspname <> 'pg_catalog' AND n.nspname <> 'information_schema' )  OR ( c.relkind = 'm' )  OR ( c.relkind = 'p' AND n.nspname !~ '^pg_' AND n.nspname <> 'information_schema' ) )  ORDER BY TABLE_TYPE,TABLE_SCHEM,TABLE_NAME 
2024-11-10 01:46:55.936 UTC [35] LOG:  execute <unnamed>: SELECT * FROM (SELECT n.nspname,c.relname,a.attname,a.atttypid,a.attnotnull OR (t.typtype = 'd' AND t.typnotnull) AS attnotnull,a.atttypmod,a.attlen,t.typtypmod,row_number() OVER (PARTITION BY a.attrelid ORDER BY a.attnum) AS attnum, nullif(a.attidentity, '') as attidentity,nullif(a.attgenerated, '') as attgenerated,pg_catalog.pg_get_expr(def.adbin, def.adrelid) AS adsrc,dsc.description,t.typbasetype,t.typtype  FROM pg_catalog.pg_namespace n  JOIN pg_catalog.pg_class c ON (c.relnamespace = n.oid)  JOIN pg_catalog.pg_attribute a ON (a.attrelid=c.oid)  JOIN pg_catalog.pg_type t ON (a.atttypid = t.oid)  LEFT JOIN pg_catalog.pg_attrdef def ON (a.attrelid=def.adrelid AND a.attnum = def.adnum)  LEFT JOIN pg_catalog.pg_description dsc ON (c.oid=dsc.objoid AND a.attnum = dsc.objsubid)  LEFT JOIN pg_catalog.pg_class dc ON (dc.oid=dsc.classoid AND dc.relname='pg_class')  LEFT JOIN pg_catalog.pg_namespace dn ON (dc.relnamespace=dn.oid AND dn.nspname='pg_catalog')  WHERE c.relkind in ('r','p','v','f','m') and a.attnum > 0 AND NOT a.attisdropped  AND n.nspname LIKE 'public') c WHERE true  AND attname LIKE '%' ORDER BY nspname,c.relname,attnum 
2024-11-10 01:47:32.789 UTC [1] LOG:  received fast shutdown request
2024-11-10 01:47:32.791 UTC [1] LOG:  aborting any active transactions
2024-11-10 01:47:32.795 UTC [1] LOG:  background worker "logical replication launcher" (PID 34) exited with exit code 1
2024-11-10 01:47:32.803 UTC [29] LOG:  shutting down
2024-11-10 01:47:32.827 UTC [1] LOG:  database system is shut down
2024-11-10 01:48:08.807 UTC [28] LOG:  database system was shut down at 2024-11-10 01:47:32 UTC
2024-11-10 01:48:08.819 UTC [1] LOG:  database system is ready to accept connections
2024-11-10 01:48:17.451 UTC [35] LOG:  execute <unnamed>: SET extra_float_digits = 3
2024-11-10 01:48:17.452 UTC [35] LOG:  execute <unnamed>: SET application_name = 'PostgreSQL JDBC Driver'
2024-11-10 01:48:17.517 UTC [35] LOG:  execute <unnamed>: SHOW TRANSACTION ISOLATION LEVEL
2024-11-10 01:48:17.602 UTC [35] LOG:  execute <unnamed>: select string_agg(word, ',') from pg_catalog.pg_get_keywords() where word <> ALL ('{a,abs,absolute,action,ada,add,admin,after,all,allocate,alter,always,and,any,are,array,as,asc,asensitive,assertion,assignment,asymmetric,at,atomic,attribute,attributes,authorization,avg,before,begin,bernoulli,between,bigint,binary,blob,boolean,both,breadth,by,c,call,called,cardinality,cascade,cascaded,case,cast,catalog,catalog_name,ceil,ceiling,chain,char,char_length,character,character_length,character_set_catalog,character_set_name,character_set_schema,characteristics,characters,check,checked,class_origin,clob,close,coalesce,cobol,code_units,collate,collation,collation_catalog,collation_name,collation_schema,collect,column,column_name,command_function,command_function_code,commit,committed,condition,condition_number,connect,connection_name,constraint,constraint_catalog,constraint_name,constraint_schema,constraints,constructors,contains,continue,convert,corr,corresponding,count,covar_pop,covar_samp,create,cross,cube,cume_dist,current,current_collation,current_date,current_default_transform_group,current_path,current_role,current_time,current_timestamp,current_transform_group_for_type,current_user,cursor,cursor_name,cycle,data,date,datetime_interval_code,datetime_interval_precision,day,deallocate,dec,decimal,declare,default,defaults,deferrable,deferred,defined,definer,degree,delete,dense_rank,depth,deref,derived,desc,describe,descriptor,deterministic,diagnostics,disconnect,dispatch,distinct,domain,double,drop,dynamic,dynamic_function,dynamic_function_code,each,element,else,end,end-exec,equals,escape,every,except,exception,exclude,excluding,exec,execute,exists,exp,external,extract,false,fetch,filter,final,first,float,floor,following,for,foreign,fortran,found,free,from,full,function,fusion,g,general,get,global,go,goto,grant,granted,group,grouping,having,hierarchy,hold,hour,identity,immediate,implementation,in,including,increment,indicator,initially,inner,inout,input,insensitive,insert,instance,instantiable,int,integer,intersect,intersection,interval,into,invoker,is,isolation,join,k,key,key_member,key_type,language,large,last,lateral,leading,left,length,level,like,ln,local,localtime,localtimestamp,locator,lower,m,map,match,matched,max,maxvalue,member,merge,message_length,message_octet_length,message_text,method,min,minute,minvalue,mod,modifies,module,month,more,multiset,mumps,name,names,national,natural,nchar,nclob,nesting,new,next,no,none,normalize,normalized,not,"null",nullable,nullif,nulls,number,numeric,object,octet_length,octets,of,old,on,only,open,option,options,or,order,ordering,ordinality,others,out,outer,output,over,overlaps,overlay,overriding,pad,parameter,parameter_mode,parameter_name,parameter_ordinal_position,parameter_specific_catalog,parameter_specific_name,parameter_specific_schema,partial,partition,pascal,path,percent_rank,percentile_cont,percentile_disc,placing,pli,position,power,preceding,precision,prepare,preserve,primary,prior,privileges,procedure,public,range,rank,read,reads,real,recursive,ref,references,referencing,regr_avgx,regr_avgy,regr_count,regr_intercept,regr_r2,regr_slope,regr_sxx,regr_sxy,regr_syy,relative,release,repeatable,restart,result,return,returned_cardinality,returned_length,returned_octet_length,returned_sqlstate,returns,revoke,right,role,rollback,rollup,routine,routine_catalog,routine_name,routine_schema,row,row_count,row_number,rows,savepoint,scale,schema,schema_name,scope_catalog,scope_name,scope_schema,scroll,search,second,section,security,select,self,sensitive,sequence,serializable,server_name,session,session_user,set,sets,similar,simple,size,smallint,some,source,space,specific,specific_name,specifictype,sql,sqlexception,sqlstate,sqlwarning,sqrt,start,state,statement,static,stddev_pop,stddev_samp,structure,style,subclass_origin,submultiset,substring,sum,symmetric,system,system_user,table,table_name,tablesample,temporary,then,ties,time,timestamp,timezone_hour,timezone_minute,to,top_level_count,trailing,transaction,transaction_active,transactions_committed,transactions_rolled_back,transform,transforms,translate,translation,treat,trigger,trigger_catalog,trigger_name,trigger_schema,trim,true,type,uescape,unbounded,uncommitted,under,union,unique,unknown,unnamed,unnest,update,upper,usage,user,user_defined_type_catalog,user_defined_type_code,user_defined_type_name,user_defined_type_schema,using,value,values,var_pop,var_samp,varchar,varying,view,when,whenever,where,width_bucket,window,with,within,without,work,write,year,zone}'::text[])
2024-11-10 01:48:17.643 UTC [35] LOG:  execute <unnamed>: select current_schema()
2024-11-10 01:48:17.645 UTC [35] LOG:  execute <unnamed>: select current_schema()
2024-11-10 01:48:17.656 UTC [36] LOG:  execute <unnamed>: SET extra_float_digits = 3
2024-11-10 01:48:17.657 UTC [36] LOG:  execute <unnamed>: SET application_name = 'PostgreSQL JDBC Driver'
2024-11-10 01:48:17.678 UTC [37] LOG:  execute <unnamed>: SET extra_float_digits = 3
2024-11-10 01:48:17.678 UTC [37] LOG:  execute <unnamed>: SET application_name = 'PostgreSQL JDBC Driver'
2024-11-10 01:48:17.699 UTC [38] LOG:  execute <unnamed>: SET extra_float_digits = 3
2024-11-10 01:48:17.700 UTC [38] LOG:  execute <unnamed>: SET application_name = 'PostgreSQL JDBC Driver'
2024-11-10 01:48:17.725 UTC [39] LOG:  execute <unnamed>: SET extra_float_digits = 3
2024-11-10 01:48:17.726 UTC [39] LOG:  execute <unnamed>: SET application_name = 'PostgreSQL JDBC Driver'
2024-11-10 01:48:17.745 UTC [40] LOG:  execute <unnamed>: SET extra_float_digits = 3
2024-11-10 01:48:17.746 UTC [40] LOG:  execute <unnamed>: SET application_name = 'PostgreSQL JDBC Driver'
2024-11-10 01:48:17.766 UTC [41] LOG:  execute <unnamed>: SET extra_float_digits = 3
2024-11-10 01:48:17.767 UTC [41] LOG:  execute <unnamed>: SET application_name = 'PostgreSQL JDBC Driver'
2024-11-10 01:48:17.787 UTC [42] LOG:  execute <unnamed>: SET extra_float_digits = 3
2024-11-10 01:48:17.788 UTC [42] LOG:  execute <unnamed>: SET application_name = 'PostgreSQL JDBC Driver'
2024-11-10 01:48:17.806 UTC [43] LOG:  execute <unnamed>: SET extra_float_digits = 3
2024-11-10 01:48:17.806 UTC [43] LOG:  execute <unnamed>: SET application_name = 'PostgreSQL JDBC Driver'
2024-11-10 01:48:17.826 UTC [44] LOG:  execute <unnamed>: SET extra_float_digits = 3
2024-11-10 01:48:17.827 UTC [44] LOG:  execute <unnamed>: SET application_name = 'PostgreSQL JDBC Driver'
2024-11-10 01:48:18.062 UTC [35] LOG:  execute <unnamed>: select * from information_schema.sequences
2024-11-10 01:48:19.427 UTC [35] LOG:  execute <unnamed>: select * from information_schema.sequences
2024-11-10 01:48:19.440 UTC [35] LOG:  execute <unnamed>: SELECT NULL AS TABLE_CAT, n.nspname AS TABLE_SCHEM, c.relname AS TABLE_NAME,  CASE n.nspname ~ '^pg_' OR n.nspname = 'information_schema'  WHEN true THEN CASE  WHEN n.nspname = 'pg_catalog' OR n.nspname = 'information_schema' THEN CASE c.relkind   WHEN 'r' THEN 'SYSTEM TABLE'   WHEN 'v' THEN 'SYSTEM VIEW'   WHEN 'i' THEN 'SYSTEM INDEX'   ELSE NULL   END  WHEN n.nspname = 'pg_toast' THEN CASE c.relkind   WHEN 'r' THEN 'SYSTEM TOAST TABLE'   WHEN 'i' THEN 'SYSTEM TOAST INDEX'   ELSE NULL   END  ELSE CASE c.relkind   WHEN 'r' THEN 'TEMPORARY TABLE'   WHEN 'p' THEN 'TEMPORARY TABLE'   WHEN 'i' THEN 'TEMPORARY INDEX'   WHEN 'S' THEN 'TEMPORARY SEQUENCE'   WHEN 'v' THEN 'TEMPORARY VIEW'   ELSE NULL   END  END  WHEN false THEN CASE c.relkind  WHEN 'r' THEN 'TABLE'  WHEN 'p' THEN 'PARTITIONED TABLE'  WHEN 'i' THEN 'INDEX'  WHEN 'P' then 'PARTITIONED INDEX'  WHEN 'S' THEN 'SEQUENCE'  WHEN 'v' THEN 'VIEW'  WHEN 'c' THEN 'TYPE'  WHEN 'f' THEN 'FOREIGN TABLE'  WHEN 'm' THEN 'MATERIALIZED VIEW'  ELSE NULL  END  ELSE NULL  END  AS TABLE_TYPE, d.description AS REMARKS,  '' as TYPE_CAT, '' as TYPE_SCHEM, '' as TYPE_NAME, '' AS SELF_REFERENCING_COL_NAME, '' AS REF_GENERATION  FROM pg_catalog.pg_namespace n, pg_catalog.pg_class c  LEFT JOIN pg_catalog.pg_description d ON (c.oid = d.objoid AND d.objsubid = 0  and d.classoid = 'pg_class'::regclass)  WHERE c.relnamespace = n.oid  AND n.nspname LIKE 'public' AND c.relname LIKE '%' AND (false  OR ( c.relkind = 'r' AND n.nspname !~ '^pg_' AND n.nspname <> 'information_schema' )  OR ( c.relkind = 'v' AND n.nspname <> 'pg_catalog' AND n.nspname <> 'information_schema' )  OR ( c.relkind = 'm' )  OR ( c.relkind = 'p' AND n.nspname !~ '^pg_' AND n.nspname <> 'information_schema' ) )  ORDER BY TABLE_TYPE,TABLE_SCHEM,TABLE_NAME 
2024-11-10 01:48:19.450 UTC [35] LOG:  execute <unnamed>: SELECT * FROM (SELECT n.nspname,c.relname,a.attname,a.atttypid,a.attnotnull OR (t.typtype = 'd' AND t.typnotnull) AS attnotnull,a.atttypmod,a.attlen,t.typtypmod,row_number() OVER (PARTITION BY a.attrelid ORDER BY a.attnum) AS attnum, nullif(a.attidentity, '') as attidentity,nullif(a.attgenerated, '') as attgenerated,pg_catalog.pg_get_expr(def.adbin, def.adrelid) AS adsrc,dsc.description,t.typbasetype,t.typtype  FROM pg_catalog.pg_namespace n  JOIN pg_catalog.pg_class c ON (c.relnamespace = n.oid)  JOIN pg_catalog.pg_attribute a ON (a.attrelid=c.oid)  JOIN pg_catalog.pg_type t ON (a.atttypid = t.oid)  LEFT JOIN pg_catalog.pg_attrdef def ON (a.attrelid=def.adrelid AND a.attnum = def.adnum)  LEFT JOIN pg_catalog.pg_description dsc ON (c.oid=dsc.objoid AND a.attnum = dsc.objsubid)  LEFT JOIN pg_catalog.pg_class dc ON (dc.oid=dsc.classoid AND dc.relname='pg_class')  LEFT JOIN pg_catalog.pg_namespace dn ON (dc.relnamespace=dn.oid AND dn.nspname='pg_catalog')  WHERE c.relkind in ('r','p','v','f','m') and a.attnum > 0 AND NOT a.attisdropped  AND n.nspname LIKE 'public') c WHERE true  AND attname LIKE '%' ORDER BY nspname,c.relname,attnum 
2024-11-10 01:48:46.679 UTC [35] LOG:  execute <unnamed>: BEGIN READ ONLY
2024-11-10 01:48:46.679 UTC [35] LOG:  execute <unnamed>: select u1_0.id,u1_0.email,u1_0.name from users u1_0
2024-11-10 01:48:46.704 UTC [35] LOG:  execute S_1: COMMIT
2024-11-10 01:49:00.822 UTC [35] LOG:  execute <unnamed>: BEGIN
2024-11-10 01:49:00.822 UTC [35] LOG:  execute <unnamed>: select u1_0.id,u1_0.email,u1_0.name from users u1_0 where u1_0.id=$1
2024-11-10 01:49:00.822 UTC [35] DETAIL:  parameters: $1 = '0'
2024-11-10 01:49:00.857 UTC [35] LOG:  execute <unnamed>: select nextval('users_seq')
2024-11-10 01:49:00.974 UTC [35] LOG:  execute <unnamed>: insert into users (email, name, id) values ($1, $2, $3)
2024-11-10 01:49:00.974 UTC [35] DETAIL:  parameters: $1 = 'string', $2 = 'string', $3 = '752'
2024-11-10 01:49:00.981 UTC [35] LOG:  execute S_1: COMMIT
2024-11-10 01:49:16.864 UTC [35] LOG:  execute <unnamed>: BEGIN READ ONLY
2024-11-10 01:49:16.864 UTC [35] LOG:  execute <unnamed>: select u1_0.id,u1_0.email,u1_0.name from users u1_0 where u1_0.id=$1
2024-11-10 01:49:16.864 UTC [35] DETAIL:  parameters: $1 = '2'
2024-11-10 01:49:16.865 UTC [35] LOG:  execute S_1: COMMIT
2024-11-10 01:49:59.991 UTC [1] LOG:  received fast shutdown request
2024-11-10 01:49:59.993 UTC [1] LOG:  aborting any active transactions
2024-11-10 01:49:59.996 UTC [1] LOG:  background worker "logical replication launcher" (PID 34) exited with exit code 1
2024-11-10 01:50:00.005 UTC [29] LOG:  shutting down
2024-11-10 01:50:00.038 UTC [1] LOG:  database system is shut down
2024-11-10 01:50:05.877 UTC [28] LOG:  database system was shut down at 2024-11-10 01:50:00 UTC
2024-11-10 01:50:05.902 UTC [1] LOG:  database system is ready to accept connections
2024-11-10 01:50:17.780 UTC [35] LOG:  execute <unnamed>: SET extra_float_digits = 3
2024-11-10 01:50:17.781 UTC [35] LOG:  execute <unnamed>: SET application_name = 'PostgreSQL JDBC Driver'
2024-11-10 01:50:17.830 UTC [35] LOG:  execute <unnamed>: SHOW TRANSACTION ISOLATION LEVEL
2024-11-10 01:50:17.912 UTC [35] LOG:  execute <unnamed>: select string_agg(word, ',') from pg_catalog.pg_get_keywords() where word <> ALL ('{a,abs,absolute,action,ada,add,admin,after,all,allocate,alter,always,and,any,are,array,as,asc,asensitive,assertion,assignment,asymmetric,at,atomic,attribute,attributes,authorization,avg,before,begin,bernoulli,between,bigint,binary,blob,boolean,both,breadth,by,c,call,called,cardinality,cascade,cascaded,case,cast,catalog,catalog_name,ceil,ceiling,chain,char,char_length,character,character_length,character_set_catalog,character_set_name,character_set_schema,characteristics,characters,check,checked,class_origin,clob,close,coalesce,cobol,code_units,collate,collation,collation_catalog,collation_name,collation_schema,collect,column,column_name,command_function,command_function_code,commit,committed,condition,condition_number,connect,connection_name,constraint,constraint_catalog,constraint_name,constraint_schema,constraints,constructors,contains,continue,convert,corr,corresponding,count,covar_pop,covar_samp,create,cross,cube,cume_dist,current,current_collation,current_date,current_default_transform_group,current_path,current_role,current_time,current_timestamp,current_transform_group_for_type,current_user,cursor,cursor_name,cycle,data,date,datetime_interval_code,datetime_interval_precision,day,deallocate,dec,decimal,declare,default,defaults,deferrable,deferred,defined,definer,degree,delete,dense_rank,depth,deref,derived,desc,describe,descriptor,deterministic,diagnostics,disconnect,dispatch,distinct,domain,double,drop,dynamic,dynamic_function,dynamic_function_code,each,element,else,end,end-exec,equals,escape,every,except,exception,exclude,excluding,exec,execute,exists,exp,external,extract,false,fetch,filter,final,first,float,floor,following,for,foreign,fortran,found,free,from,full,function,fusion,g,general,get,global,go,goto,grant,granted,group,grouping,having,hierarchy,hold,hour,identity,immediate,implementation,in,including,increment,indicator,initially,inner,inout,input,insensitive,insert,instance,instantiable,int,integer,intersect,intersection,interval,into,invoker,is,isolation,join,k,key,key_member,key_type,language,large,last,lateral,leading,left,length,level,like,ln,local,localtime,localtimestamp,locator,lower,m,map,match,matched,max,maxvalue,member,merge,message_length,message_octet_length,message_text,method,min,minute,minvalue,mod,modifies,module,month,more,multiset,mumps,name,names,national,natural,nchar,nclob,nesting,new,next,no,none,normalize,normalized,not,"null",nullable,nullif,nulls,number,numeric,object,octet_length,octets,of,old,on,only,open,option,options,or,order,ordering,ordinality,others,out,outer,output,over,overlaps,overlay,overriding,pad,parameter,parameter_mode,parameter_name,parameter_ordinal_position,parameter_specific_catalog,parameter_specific_name,parameter_specific_schema,partial,partition,pascal,path,percent_rank,percentile_cont,percentile_disc,placing,pli,position,power,preceding,precision,prepare,preserve,primary,prior,privileges,procedure,public,range,rank,read,reads,real,recursive,ref,references,referencing,regr_avgx,regr_avgy,regr_count,regr_intercept,regr_r2,regr_slope,regr_sxx,regr_sxy,regr_syy,relative,release,repeatable,restart,result,return,returned_cardinality,returned_length,returned_octet_length,returned_sqlstate,returns,revoke,right,role,rollback,rollup,routine,routine_catalog,routine_name,routine_schema,row,row_count,row_number,rows,savepoint,scale,schema,schema_name,scope_catalog,scope_name,scope_schema,scroll,search,second,section,security,select,self,sensitive,sequence,serializable,server_name,session,session_user,set,sets,similar,simple,size,smallint,some,source,space,specific,specific_name,specifictype,sql,sqlexception,sqlstate,sqlwarning,sqrt,start,state,statement,static,stddev_pop,stddev_samp,structure,style,subclass_origin,submultiset,substring,sum,symmetric,system,system_user,table,table_name,tablesample,temporary,then,ties,time,timestamp,timezone_hour,timezone_minute,to,top_level_count,trailing,transaction,transaction_active,transactions_committed,transactions_rolled_back,transform,transforms,translate,translation,treat,trigger,trigger_catalog,trigger_name,trigger_schema,trim,true,type,uescape,unbounded,uncommitted,under,union,unique,unknown,unnamed,unnest,update,upper,usage,user,user_defined_type_catalog,user_defined_type_code,user_defined_type_name,user_defined_type_schema,using,value,values,var_pop,var_samp,varchar,varying,view,when,whenever,where,width_bucket,window,with,within,without,work,write,year,zone}'::text[])
2024-11-10 01:50:17.968 UTC [36] LOG:  execute <unnamed>: SET extra_float_digits = 3
2024-11-10 01:50:17.969 UTC [36] LOG:  execute <unnamed>: SET application_name = 'PostgreSQL JDBC Driver'
2024-11-10 01:50:17.972 UTC [35] LOG:  execute <unnamed>: select current_schema()
2024-11-10 01:50:17.974 UTC [35] LOG:  execute <unnamed>: select current_schema()
2024-11-10 01:50:17.990 UTC [37] LOG:  execute <unnamed>: SET extra_float_digits = 3
2024-11-10 01:50:17.991 UTC [37] LOG:  execute <unnamed>: SET application_name = 'PostgreSQL JDBC Driver'
2024-11-10 01:50:18.011 UTC [38] LOG:  execute <unnamed>: SET extra_float_digits = 3
2024-11-10 01:50:18.012 UTC [38] LOG:  execute <unnamed>: SET application_name = 'PostgreSQL JDBC Driver'
2024-11-10 01:50:18.030 UTC [39] LOG:  execute <unnamed>: SET extra_float_digits = 3
2024-11-10 01:50:18.031 UTC [39] LOG:  execute <unnamed>: SET application_name = 'PostgreSQL JDBC Driver'
2024-11-10 01:50:18.051 UTC [40] LOG:  execute <unnamed>: SET extra_float_digits = 3
2024-11-10 01:50:18.051 UTC [40] LOG:  execute <unnamed>: SET application_name = 'PostgreSQL JDBC Driver'
2024-11-10 01:50:18.072 UTC [41] LOG:  execute <unnamed>: SET extra_float_digits = 3
2024-11-10 01:50:18.072 UTC [41] LOG:  execute <unnamed>: SET application_name = 'PostgreSQL JDBC Driver'
2024-11-10 01:50:18.092 UTC [42] LOG:  execute <unnamed>: SET extra_float_digits = 3
2024-11-10 01:50:18.093 UTC [42] LOG:  execute <unnamed>: SET application_name = 'PostgreSQL JDBC Driver'
2024-11-10 01:50:18.112 UTC [43] LOG:  execute <unnamed>: SET extra_float_digits = 3
2024-11-10 01:50:18.113 UTC [43] LOG:  execute <unnamed>: SET application_name = 'PostgreSQL JDBC Driver'
2024-11-10 01:50:18.133 UTC [44] LOG:  execute <unnamed>: SET extra_float_digits = 3
2024-11-10 01:50:18.135 UTC [44] LOG:  execute <unnamed>: SET application_name = 'PostgreSQL JDBC Driver'
2024-11-10 01:50:18.484 UTC [35] LOG:  execute <unnamed>: select * from information_schema.sequences
2024-11-10 01:50:20.278 UTC [35] LOG:  execute <unnamed>: select * from information_schema.sequences
2024-11-10 01:50:20.287 UTC [35] LOG:  execute <unnamed>: SELECT NULL AS TABLE_CAT, n.nspname AS TABLE_SCHEM, c.relname AS TABLE_NAME,  CASE n.nspname ~ '^pg_' OR n.nspname = 'information_schema'  WHEN true THEN CASE  WHEN n.nspname = 'pg_catalog' OR n.nspname = 'information_schema' THEN CASE c.relkind   WHEN 'r' THEN 'SYSTEM TABLE'   WHEN 'v' THEN 'SYSTEM VIEW'   WHEN 'i' THEN 'SYSTEM INDEX'   ELSE NULL   END  WHEN n.nspname = 'pg_toast' THEN CASE c.relkind   WHEN 'r' THEN 'SYSTEM TOAST TABLE'   WHEN 'i' THEN 'SYSTEM TOAST INDEX'   ELSE NULL   END  ELSE CASE c.relkind   WHEN 'r' THEN 'TEMPORARY TABLE'   WHEN 'p' THEN 'TEMPORARY TABLE'   WHEN 'i' THEN 'TEMPORARY INDEX'   WHEN 'S' THEN 'TEMPORARY SEQUENCE'   WHEN 'v' THEN 'TEMPORARY VIEW'   ELSE NULL   END  END  WHEN false THEN CASE c.relkind  WHEN 'r' THEN 'TABLE'  WHEN 'p' THEN 'PARTITIONED TABLE'  WHEN 'i' THEN 'INDEX'  WHEN 'P' then 'PARTITIONED INDEX'  WHEN 'S' THEN 'SEQUENCE'  WHEN 'v' THEN 'VIEW'  WHEN 'c' THEN 'TYPE'  WHEN 'f' THEN 'FOREIGN TABLE'  WHEN 'm' THEN 'MATERIALIZED VIEW'  ELSE NULL  END  ELSE NULL  END  AS TABLE_TYPE, d.description AS REMARKS,  '' as TYPE_CAT, '' as TYPE_SCHEM, '' as TYPE_NAME, '' AS SELF_REFERENCING_COL_NAME, '' AS REF_GENERATION  FROM pg_catalog.pg_namespace n, pg_catalog.pg_class c  LEFT JOIN pg_catalog.pg_description d ON (c.oid = d.objoid AND d.objsubid = 0  and d.classoid = 'pg_class'::regclass)  WHERE c.relnamespace = n.oid  AND n.nspname LIKE 'public' AND c.relname LIKE '%' AND (false  OR ( c.relkind = 'r' AND n.nspname !~ '^pg_' AND n.nspname <> 'information_schema' )  OR ( c.relkind = 'v' AND n.nspname <> 'pg_catalog' AND n.nspname <> 'information_schema' )  OR ( c.relkind = 'm' )  OR ( c.relkind = 'p' AND n.nspname !~ '^pg_' AND n.nspname <> 'information_schema' ) )  ORDER BY TABLE_TYPE,TABLE_SCHEM,TABLE_NAME 
2024-11-10 01:50:20.294 UTC [35] LOG:  execute <unnamed>: SELECT * FROM (SELECT n.nspname,c.relname,a.attname,a.atttypid,a.attnotnull OR (t.typtype = 'd' AND t.typnotnull) AS attnotnull,a.atttypmod,a.attlen,t.typtypmod,row_number() OVER (PARTITION BY a.attrelid ORDER BY a.attnum) AS attnum, nullif(a.attidentity, '') as attidentity,nullif(a.attgenerated, '') as attgenerated,pg_catalog.pg_get_expr(def.adbin, def.adrelid) AS adsrc,dsc.description,t.typbasetype,t.typtype  FROM pg_catalog.pg_namespace n  JOIN pg_catalog.pg_class c ON (c.relnamespace = n.oid)  JOIN pg_catalog.pg_attribute a ON (a.attrelid=c.oid)  JOIN pg_catalog.pg_type t ON (a.atttypid = t.oid)  LEFT JOIN pg_catalog.pg_attrdef def ON (a.attrelid=def.adrelid AND a.attnum = def.adnum)  LEFT JOIN pg_catalog.pg_description dsc ON (c.oid=dsc.objoid AND a.attnum = dsc.objsubid)  LEFT JOIN pg_catalog.pg_class dc ON (dc.oid=dsc.classoid AND dc.relname='pg_class')  LEFT JOIN pg_catalog.pg_namespace dn ON (dc.relnamespace=dn.oid AND dn.nspname='pg_catalog')  WHERE c.relkind in ('r','p','v','f','m') and a.attnum > 0 AND NOT a.attisdropped  AND n.nspname LIKE 'public') c WHERE true  AND attname LIKE '%' ORDER BY nspname,c.relname,attnum 
2024-11-10 01:50:31.339 UTC [35] LOG:  execute <unnamed>: BEGIN READ ONLY
2024-11-10 01:50:31.341 UTC [35] LOG:  execute <unnamed>: select u1_0.id,u1_0.email,u1_0.name from users u1_0 where u1_0.id=$1
2024-11-10 01:50:31.341 UTC [35] DETAIL:  parameters: $1 = '1'
2024-11-10 01:50:31.348 UTC [35] LOG:  execute S_1: COMMIT
2024-11-10 01:51:06.980 UTC [1] LOG:  received fast shutdown request
2024-11-10 01:51:06.984 UTC [1] LOG:  aborting any active transactions
2024-11-10 01:51:06.996 UTC [1] LOG:  background worker "logical replication launcher" (PID 34) exited with exit code 1
2024-11-10 01:51:07.001 UTC [29] LOG:  shutting down
2024-11-10 01:51:07.043 UTC [1] LOG:  database system is shut down
2024-11-10 01:51:20.489 UTC [28] LOG:  database system was shut down at 2024-11-10 01:51:07 UTC
2024-11-10 01:51:20.513 UTC [1] LOG:  database system is ready to accept connections
2024-11-10 01:51:32.162 UTC [35] LOG:  execute <unnamed>: SET extra_float_digits = 3
2024-11-10 01:51:32.163 UTC [35] LOG:  execute <unnamed>: SET application_name = 'PostgreSQL JDBC Driver'
2024-11-10 01:51:32.220 UTC [35] LOG:  execute <unnamed>: SHOW TRANSACTION ISOLATION LEVEL
2024-11-10 01:51:32.304 UTC [35] LOG:  execute <unnamed>: select string_agg(word, ',') from pg_catalog.pg_get_keywords() where word <> ALL ('{a,abs,absolute,action,ada,add,admin,after,all,allocate,alter,always,and,any,are,array,as,asc,asensitive,assertion,assignment,asymmetric,at,atomic,attribute,attributes,authorization,avg,before,begin,bernoulli,between,bigint,binary,blob,boolean,both,breadth,by,c,call,called,cardinality,cascade,cascaded,case,cast,catalog,catalog_name,ceil,ceiling,chain,char,char_length,character,character_length,character_set_catalog,character_set_name,character_set_schema,characteristics,characters,check,checked,class_origin,clob,close,coalesce,cobol,code_units,collate,collation,collation_catalog,collation_name,collation_schema,collect,column,column_name,command_function,command_function_code,commit,committed,condition,condition_number,connect,connection_name,constraint,constraint_catalog,constraint_name,constraint_schema,constraints,constructors,contains,continue,convert,corr,corresponding,count,covar_pop,covar_samp,create,cross,cube,cume_dist,current,current_collation,current_date,current_default_transform_group,current_path,current_role,current_time,current_timestamp,current_transform_group_for_type,current_user,cursor,cursor_name,cycle,data,date,datetime_interval_code,datetime_interval_precision,day,deallocate,dec,decimal,declare,default,defaults,deferrable,deferred,defined,definer,degree,delete,dense_rank,depth,deref,derived,desc,describe,descriptor,deterministic,diagnostics,disconnect,dispatch,distinct,domain,double,drop,dynamic,dynamic_function,dynamic_function_code,each,element,else,end,end-exec,equals,escape,every,except,exception,exclude,excluding,exec,execute,exists,exp,external,extract,false,fetch,filter,final,first,float,floor,following,for,foreign,fortran,found,free,from,full,function,fusion,g,general,get,global,go,goto,grant,granted,group,grouping,having,hierarchy,hold,hour,identity,immediate,implementation,in,including,increment,indicator,initially,inner,inout,input,insensitive,insert,instance,instantiable,int,integer,intersect,intersection,interval,into,invoker,is,isolation,join,k,key,key_member,key_type,language,large,last,lateral,leading,left,length,level,like,ln,local,localtime,localtimestamp,locator,lower,m,map,match,matched,max,maxvalue,member,merge,message_length,message_octet_length,message_text,method,min,minute,minvalue,mod,modifies,module,month,more,multiset,mumps,name,names,national,natural,nchar,nclob,nesting,new,next,no,none,normalize,normalized,not,"null",nullable,nullif,nulls,number,numeric,object,octet_length,octets,of,old,on,only,open,option,options,or,order,ordering,ordinality,others,out,outer,output,over,overlaps,overlay,overriding,pad,parameter,parameter_mode,parameter_name,parameter_ordinal_position,parameter_specific_catalog,parameter_specific_name,parameter_specific_schema,partial,partition,pascal,path,percent_rank,percentile_cont,percentile_disc,placing,pli,position,power,preceding,precision,prepare,preserve,primary,prior,privileges,procedure,public,range,rank,read,reads,real,recursive,ref,references,referencing,regr_avgx,regr_avgy,regr_count,regr_intercept,regr_r2,regr_slope,regr_sxx,regr_sxy,regr_syy,relative,release,repeatable,restart,result,return,returned_cardinality,returned_length,returned_octet_length,returned_sqlstate,returns,revoke,right,role,rollback,rollup,routine,routine_catalog,routine_name,routine_schema,row,row_count,row_number,rows,savepoint,scale,schema,schema_name,scope_catalog,scope_name,scope_schema,scroll,search,second,section,security,select,self,sensitive,sequence,serializable,server_name,session,session_user,set,sets,similar,simple,size,smallint,some,source,space,specific,specific_name,specifictype,sql,sqlexception,sqlstate,sqlwarning,sqrt,start,state,statement,static,stddev_pop,stddev_samp,structure,style,subclass_origin,submultiset,substring,sum,symmetric,system,system_user,table,table_name,tablesample,temporary,then,ties,time,timestamp,timezone_hour,timezone_minute,to,top_level_count,trailing,transaction,transaction_active,transactions_committed,transactions_rolled_back,transform,transforms,translate,translation,treat,trigger,trigger_catalog,trigger_name,trigger_schema,trim,true,type,uescape,unbounded,uncommitted,under,union,unique,unknown,unnamed,unnest,update,upper,usage,user,user_defined_type_catalog,user_defined_type_code,user_defined_type_name,user_defined_type_schema,using,value,values,var_pop,var_samp,varchar,varying,view,when,whenever,where,width_bucket,window,with,within,without,work,write,year,zone}'::text[])
2024-11-10 01:51:32.344 UTC [35] LOG:  execute <unnamed>: select current_schema()
2024-11-10 01:51:32.347 UTC [35] LOG:  execute <unnamed>: select current_schema()
2024-11-10 01:51:32.351 UTC [36] LOG:  execute <unnamed>: SET extra_float_digits = 3
2024-11-10 01:51:32.351 UTC [36] LOG:  execute <unnamed>: SET application_name = 'PostgreSQL JDBC Driver'
2024-11-10 01:51:32.373 UTC [37] LOG:  execute <unnamed>: SET extra_float_digits = 3
2024-11-10 01:51:32.373 UTC [37] LOG:  execute <unnamed>: SET application_name = 'PostgreSQL JDBC Driver'
2024-11-10 01:51:32.392 UTC [38] LOG:  execute <unnamed>: SET extra_float_digits = 3
2024-11-10 01:51:32.393 UTC [38] LOG:  execute <unnamed>: SET application_name = 'PostgreSQL JDBC Driver'
2024-11-10 01:51:32.412 UTC [39] LOG:  execute <unnamed>: SET extra_float_digits = 3
2024-11-10 01:51:32.412 UTC [39] LOG:  execute <unnamed>: SET application_name = 'PostgreSQL JDBC Driver'
2024-11-10 01:51:32.432 UTC [40] LOG:  execute <unnamed>: SET extra_float_digits = 3
2024-11-10 01:51:32.432 UTC [40] LOG:  execute <unnamed>: SET application_name = 'PostgreSQL JDBC Driver'
2024-11-10 01:51:32.450 UTC [41] LOG:  execute <unnamed>: SET extra_float_digits = 3
2024-11-10 01:51:32.451 UTC [41] LOG:  execute <unnamed>: SET application_name = 'PostgreSQL JDBC Driver'
2024-11-10 01:51:32.472 UTC [42] LOG:  execute <unnamed>: SET extra_float_digits = 3
2024-11-10 01:51:32.472 UTC [42] LOG:  execute <unnamed>: SET application_name = 'PostgreSQL JDBC Driver'
2024-11-10 01:51:32.491 UTC [43] LOG:  execute <unnamed>: SET extra_float_digits = 3
2024-11-10 01:51:32.492 UTC [43] LOG:  execute <unnamed>: SET application_name = 'PostgreSQL JDBC Driver'
2024-11-10 01:51:32.511 UTC [44] LOG:  execute <unnamed>: SET extra_float_digits = 3
2024-11-10 01:51:32.512 UTC [44] LOG:  execute <unnamed>: SET application_name = 'PostgreSQL JDBC Driver'
2024-11-10 01:51:32.761 UTC [35] LOG:  execute <unnamed>: select * from information_schema.sequences
2024-11-10 01:51:34.460 UTC [35] LOG:  execute <unnamed>: select * from information_schema.sequences
2024-11-10 01:51:34.469 UTC [35] LOG:  execute <unnamed>: SELECT NULL AS TABLE_CAT, n.nspname AS TABLE_SCHEM, c.relname AS TABLE_NAME,  CASE n.nspname ~ '^pg_' OR n.nspname = 'information_schema'  WHEN true THEN CASE  WHEN n.nspname = 'pg_catalog' OR n.nspname = 'information_schema' THEN CASE c.relkind   WHEN 'r' THEN 'SYSTEM TABLE'   WHEN 'v' THEN 'SYSTEM VIEW'   WHEN 'i' THEN 'SYSTEM INDEX'   ELSE NULL   END  WHEN n.nspname = 'pg_toast' THEN CASE c.relkind   WHEN 'r' THEN 'SYSTEM TOAST TABLE'   WHEN 'i' THEN 'SYSTEM TOAST INDEX'   ELSE NULL   END  ELSE CASE c.relkind   WHEN 'r' THEN 'TEMPORARY TABLE'   WHEN 'p' THEN 'TEMPORARY TABLE'   WHEN 'i' THEN 'TEMPORARY INDEX'   WHEN 'S' THEN 'TEMPORARY SEQUENCE'   WHEN 'v' THEN 'TEMPORARY VIEW'   ELSE NULL   END  END  WHEN false THEN CASE c.relkind  WHEN 'r' THEN 'TABLE'  WHEN 'p' THEN 'PARTITIONED TABLE'  WHEN 'i' THEN 'INDEX'  WHEN 'P' then 'PARTITIONED INDEX'  WHEN 'S' THEN 'SEQUENCE'  WHEN 'v' THEN 'VIEW'  WHEN 'c' THEN 'TYPE'  WHEN 'f' THEN 'FOREIGN TABLE'  WHEN 'm' THEN 'MATERIALIZED VIEW'  ELSE NULL  END  ELSE NULL  END  AS TABLE_TYPE, d.description AS REMARKS,  '' as TYPE_CAT, '' as TYPE_SCHEM, '' as TYPE_NAME, '' AS SELF_REFERENCING_COL_NAME, '' AS REF_GENERATION  FROM pg_catalog.pg_namespace n, pg_catalog.pg_class c  LEFT JOIN pg_catalog.pg_description d ON (c.oid = d.objoid AND d.objsubid = 0  and d.classoid = 'pg_class'::regclass)  WHERE c.relnamespace = n.oid  AND n.nspname LIKE 'public' AND c.relname LIKE '%' AND (false  OR ( c.relkind = 'r' AND n.nspname !~ '^pg_' AND n.nspname <> 'information_schema' )  OR ( c.relkind = 'v' AND n.nspname <> 'pg_catalog' AND n.nspname <> 'information_schema' )  OR ( c.relkind = 'm' )  OR ( c.relkind = 'p' AND n.nspname !~ '^pg_' AND n.nspname <> 'information_schema' ) )  ORDER BY TABLE_TYPE,TABLE_SCHEM,TABLE_NAME 
2024-11-10 01:51:34.476 UTC [35] LOG:  execute <unnamed>: SELECT * FROM (SELECT n.nspname,c.relname,a.attname,a.atttypid,a.attnotnull OR (t.typtype = 'd' AND t.typnotnull) AS attnotnull,a.atttypmod,a.attlen,t.typtypmod,row_number() OVER (PARTITION BY a.attrelid ORDER BY a.attnum) AS attnum, nullif(a.attidentity, '') as attidentity,nullif(a.attgenerated, '') as attgenerated,pg_catalog.pg_get_expr(def.adbin, def.adrelid) AS adsrc,dsc.description,t.typbasetype,t.typtype  FROM pg_catalog.pg_namespace n  JOIN pg_catalog.pg_class c ON (c.relnamespace = n.oid)  JOIN pg_catalog.pg_attribute a ON (a.attrelid=c.oid)  JOIN pg_catalog.pg_type t ON (a.atttypid = t.oid)  LEFT JOIN pg_catalog.pg_attrdef def ON (a.attrelid=def.adrelid AND a.attnum = def.adnum)  LEFT JOIN pg_catalog.pg_description dsc ON (c.oid=dsc.objoid AND a.attnum = dsc.objsubid)  LEFT JOIN pg_catalog.pg_class dc ON (dc.oid=dsc.classoid AND dc.relname='pg_class')  LEFT JOIN pg_catalog.pg_namespace dn ON (dc.relnamespace=dn.oid AND dn.nspname='pg_catalog')  WHERE c.relkind in ('r','p','v','f','m') and a.attnum > 0 AND NOT a.attisdropped  AND n.nspname LIKE 'public') c WHERE true  AND attname LIKE '%' ORDER BY nspname,c.relname,attnum 
2024-11-10 01:51:44.216 UTC [35] LOG:  execute <unnamed>: BEGIN READ ONLY
2024-11-10 01:51:44.217 UTC [35] LOG:  execute <unnamed>: select u1_0.id,u1_0.email,u1_0.name from users u1_0 where u1_0.id=$1
2024-11-10 01:51:44.217 UTC [35] DETAIL:  parameters: $1 = '1'
2024-11-10 01:51:44.223 UTC [35] LOG:  execute S_1: COMMIT
2024-11-10 01:52:05.650 UTC [1] LOG:  received fast shutdown request
2024-11-10 01:52:05.652 UTC [1] LOG:  aborting any active transactions
2024-11-10 01:52:05.656 UTC [1] LOG:  background worker "logical replication launcher" (PID 34) exited with exit code 1
2024-11-10 01:52:05.661 UTC [29] LOG:  shutting down
2024-11-10 01:52:05.692 UTC [1] LOG:  database system is shut down
2024-11-10 01:52:12.302 UTC [28] LOG:  database system was shut down at 2024-11-10 01:52:05 UTC
2024-11-10 01:52:12.321 UTC [1] LOG:  database system is ready to accept connections
2024-11-10 01:52:25.102 UTC [35] LOG:  execute <unnamed>: SET extra_float_digits = 3
2024-11-10 01:52:25.104 UTC [35] LOG:  execute <unnamed>: SET application_name = 'PostgreSQL JDBC Driver'
2024-11-10 01:52:25.139 UTC [35] LOG:  execute <unnamed>: SHOW TRANSACTION ISOLATION LEVEL
2024-11-10 01:52:25.214 UTC [35] LOG:  execute <unnamed>: select string_agg(word, ',') from pg_catalog.pg_get_keywords() where word <> ALL ('{a,abs,absolute,action,ada,add,admin,after,all,allocate,alter,always,and,any,are,array,as,asc,asensitive,assertion,assignment,asymmetric,at,atomic,attribute,attributes,authorization,avg,before,begin,bernoulli,between,bigint,binary,blob,boolean,both,breadth,by,c,call,called,cardinality,cascade,cascaded,case,cast,catalog,catalog_name,ceil,ceiling,chain,char,char_length,character,character_length,character_set_catalog,character_set_name,character_set_schema,characteristics,characters,check,checked,class_origin,clob,close,coalesce,cobol,code_units,collate,collation,collation_catalog,collation_name,collation_schema,collect,column,column_name,command_function,command_function_code,commit,committed,condition,condition_number,connect,connection_name,constraint,constraint_catalog,constraint_name,constraint_schema,constraints,constructors,contains,continue,convert,corr,corresponding,count,covar_pop,covar_samp,create,cross,cube,cume_dist,current,current_collation,current_date,current_default_transform_group,current_path,current_role,current_time,current_timestamp,current_transform_group_for_type,current_user,cursor,cursor_name,cycle,data,date,datetime_interval_code,datetime_interval_precision,day,deallocate,dec,decimal,declare,default,defaults,deferrable,deferred,defined,definer,degree,delete,dense_rank,depth,deref,derived,desc,describe,descriptor,deterministic,diagnostics,disconnect,dispatch,distinct,domain,double,drop,dynamic,dynamic_function,dynamic_function_code,each,element,else,end,end-exec,equals,escape,every,except,exception,exclude,excluding,exec,execute,exists,exp,external,extract,false,fetch,filter,final,first,float,floor,following,for,foreign,fortran,found,free,from,full,function,fusion,g,general,get,global,go,goto,grant,granted,group,grouping,having,hierarchy,hold,hour,identity,immediate,implementation,in,including,increment,indicator,initially,inner,inout,input,insensitive,insert,instance,instantiable,int,integer,intersect,intersection,interval,into,invoker,is,isolation,join,k,key,key_member,key_type,language,large,last,lateral,leading,left,length,level,like,ln,local,localtime,localtimestamp,locator,lower,m,map,match,matched,max,maxvalue,member,merge,message_length,message_octet_length,message_text,method,min,minute,minvalue,mod,modifies,module,month,more,multiset,mumps,name,names,national,natural,nchar,nclob,nesting,new,next,no,none,normalize,normalized,not,"null",nullable,nullif,nulls,number,numeric,object,octet_length,octets,of,old,on,only,open,option,options,or,order,ordering,ordinality,others,out,outer,output,over,overlaps,overlay,overriding,pad,parameter,parameter_mode,parameter_name,parameter_ordinal_position,parameter_specific_catalog,parameter_specific_name,parameter_specific_schema,partial,partition,pascal,path,percent_rank,percentile_cont,percentile_disc,placing,pli,position,power,preceding,precision,prepare,preserve,primary,prior,privileges,procedure,public,range,rank,read,reads,real,recursive,ref,references,referencing,regr_avgx,regr_avgy,regr_count,regr_intercept,regr_r2,regr_slope,regr_sxx,regr_sxy,regr_syy,relative,release,repeatable,restart,result,return,returned_cardinality,returned_length,returned_octet_length,returned_sqlstate,returns,revoke,right,role,rollback,rollup,routine,routine_catalog,routine_name,routine_schema,row,row_count,row_number,rows,savepoint,scale,schema,schema_name,scope_catalog,scope_name,scope_schema,scroll,search,second,section,security,select,self,sensitive,sequence,serializable,server_name,session,session_user,set,sets,similar,simple,size,smallint,some,source,space,specific,specific_name,specifictype,sql,sqlexception,sqlstate,sqlwarning,sqrt,start,state,statement,static,stddev_pop,stddev_samp,structure,style,subclass_origin,submultiset,substring,sum,symmetric,system,system_user,table,table_name,tablesample,temporary,then,ties,time,timestamp,timezone_hour,timezone_minute,to,top_level_count,trailing,transaction,transaction_active,transactions_committed,transactions_rolled_back,transform,transforms,translate,translation,treat,trigger,trigger_catalog,trigger_name,trigger_schema,trim,true,type,uescape,unbounded,uncommitted,under,union,unique,unknown,unnamed,unnest,update,upper,usage,user,user_defined_type_catalog,user_defined_type_code,user_defined_type_name,user_defined_type_schema,using,value,values,var_pop,var_samp,varchar,varying,view,when,whenever,where,width_bucket,window,with,within,without,work,write,year,zone}'::text[])
2024-11-10 01:52:25.249 UTC [35] LOG:  execute <unnamed>: select current_schema()
2024-11-10 01:52:25.250 UTC [35] LOG:  execute <unnamed>: select current_schema()
2024-11-10 01:52:25.268 UTC [36] LOG:  execute <unnamed>: SET extra_float_digits = 3
2024-11-10 01:52:25.269 UTC [36] LOG:  execute <unnamed>: SET application_name = 'PostgreSQL JDBC Driver'
2024-11-10 01:52:25.289 UTC [37] LOG:  execute <unnamed>: SET extra_float_digits = 3
2024-11-10 01:52:25.290 UTC [37] LOG:  execute <unnamed>: SET application_name = 'PostgreSQL JDBC Driver'
2024-11-10 01:52:25.309 UTC [38] LOG:  execute <unnamed>: SET extra_float_digits = 3
2024-11-10 01:52:25.310 UTC [38] LOG:  execute <unnamed>: SET application_name = 'PostgreSQL JDBC Driver'
2024-11-10 01:52:25.327 UTC [39] LOG:  execute <unnamed>: SET extra_float_digits = 3
2024-11-10 01:52:25.328 UTC [39] LOG:  execute <unnamed>: SET application_name = 'PostgreSQL JDBC Driver'
2024-11-10 01:52:25.345 UTC [40] LOG:  execute <unnamed>: SET extra_float_digits = 3
2024-11-10 01:52:25.346 UTC [40] LOG:  execute <unnamed>: SET application_name = 'PostgreSQL JDBC Driver'
2024-11-10 01:52:25.363 UTC [41] LOG:  execute <unnamed>: SET extra_float_digits = 3
2024-11-10 01:52:25.363 UTC [41] LOG:  execute <unnamed>: SET application_name = 'PostgreSQL JDBC Driver'
2024-11-10 01:52:25.381 UTC [42] LOG:  execute <unnamed>: SET extra_float_digits = 3
2024-11-10 01:52:25.382 UTC [42] LOG:  execute <unnamed>: SET application_name = 'PostgreSQL JDBC Driver'
2024-11-10 01:52:25.402 UTC [43] LOG:  execute <unnamed>: SET extra_float_digits = 3
2024-11-10 01:52:25.403 UTC [43] LOG:  execute <unnamed>: SET application_name = 'PostgreSQL JDBC Driver'
2024-11-10 01:52:25.420 UTC [44] LOG:  execute <unnamed>: SET extra_float_digits = 3
2024-11-10 01:52:25.421 UTC [44] LOG:  execute <unnamed>: SET application_name = 'PostgreSQL JDBC Driver'
2024-11-10 01:52:25.565 UTC [35] LOG:  execute <unnamed>: select * from information_schema.sequences
2024-11-10 01:52:27.041 UTC [35] LOG:  execute <unnamed>: select * from information_schema.sequences
2024-11-10 01:52:27.051 UTC [35] LOG:  execute <unnamed>: SELECT NULL AS TABLE_CAT, n.nspname AS TABLE_SCHEM, c.relname AS TABLE_NAME,  CASE n.nspname ~ '^pg_' OR n.nspname = 'information_schema'  WHEN true THEN CASE  WHEN n.nspname = 'pg_catalog' OR n.nspname = 'information_schema' THEN CASE c.relkind   WHEN 'r' THEN 'SYSTEM TABLE'   WHEN 'v' THEN 'SYSTEM VIEW'   WHEN 'i' THEN 'SYSTEM INDEX'   ELSE NULL   END  WHEN n.nspname = 'pg_toast' THEN CASE c.relkind   WHEN 'r' THEN 'SYSTEM TOAST TABLE'   WHEN 'i' THEN 'SYSTEM TOAST INDEX'   ELSE NULL   END  ELSE CASE c.relkind   WHEN 'r' THEN 'TEMPORARY TABLE'   WHEN 'p' THEN 'TEMPORARY TABLE'   WHEN 'i' THEN 'TEMPORARY INDEX'   WHEN 'S' THEN 'TEMPORARY SEQUENCE'   WHEN 'v' THEN 'TEMPORARY VIEW'   ELSE NULL   END  END  WHEN false THEN CASE c.relkind  WHEN 'r' THEN 'TABLE'  WHEN 'p' THEN 'PARTITIONED TABLE'  WHEN 'i' THEN 'INDEX'  WHEN 'P' then 'PARTITIONED INDEX'  WHEN 'S' THEN 'SEQUENCE'  WHEN 'v' THEN 'VIEW'  WHEN 'c' THEN 'TYPE'  WHEN 'f' THEN 'FOREIGN TABLE'  WHEN 'm' THEN 'MATERIALIZED VIEW'  ELSE NULL  END  ELSE NULL  END  AS TABLE_TYPE, d.description AS REMARKS,  '' as TYPE_CAT, '' as TYPE_SCHEM, '' as TYPE_NAME, '' AS SELF_REFERENCING_COL_NAME, '' AS REF_GENERATION  FROM pg_catalog.pg_namespace n, pg_catalog.pg_class c  LEFT JOIN pg_catalog.pg_description d ON (c.oid = d.objoid AND d.objsubid = 0  and d.classoid = 'pg_class'::regclass)  WHERE c.relnamespace = n.oid  AND n.nspname LIKE 'public' AND c.relname LIKE '%' AND (false  OR ( c.relkind = 'r' AND n.nspname !~ '^pg_' AND n.nspname <> 'information_schema' )  OR ( c.relkind = 'v' AND n.nspname <> 'pg_catalog' AND n.nspname <> 'information_schema' )  OR ( c.relkind = 'm' )  OR ( c.relkind = 'p' AND n.nspname !~ '^pg_' AND n.nspname <> 'information_schema' ) )  ORDER BY TABLE_TYPE,TABLE_SCHEM,TABLE_NAME 
2024-11-10 01:52:27.061 UTC [35] LOG:  execute <unnamed>: SELECT * FROM (SELECT n.nspname,c.relname,a.attname,a.atttypid,a.attnotnull OR (t.typtype = 'd' AND t.typnotnull) AS attnotnull,a.atttypmod,a.attlen,t.typtypmod,row_number() OVER (PARTITION BY a.attrelid ORDER BY a.attnum) AS attnum, nullif(a.attidentity, '') as attidentity,nullif(a.attgenerated, '') as attgenerated,pg_catalog.pg_get_expr(def.adbin, def.adrelid) AS adsrc,dsc.description,t.typbasetype,t.typtype  FROM pg_catalog.pg_namespace n  JOIN pg_catalog.pg_class c ON (c.relnamespace = n.oid)  JOIN pg_catalog.pg_attribute a ON (a.attrelid=c.oid)  JOIN pg_catalog.pg_type t ON (a.atttypid = t.oid)  LEFT JOIN pg_catalog.pg_attrdef def ON (a.attrelid=def.adrelid AND a.attnum = def.adnum)  LEFT JOIN pg_catalog.pg_description dsc ON (c.oid=dsc.objoid AND a.attnum = dsc.objsubid)  LEFT JOIN pg_catalog.pg_class dc ON (dc.oid=dsc.classoid AND dc.relname='pg_class')  LEFT JOIN pg_catalog.pg_namespace dn ON (dc.relnamespace=dn.oid AND dn.nspname='pg_catalog')  WHERE c.relkind in ('r','p','v','f','m') and a.attnum > 0 AND NOT a.attisdropped  AND n.nspname LIKE 'public') c WHERE true  AND attname LIKE '%' ORDER BY nspname,c.relname,attnum 
2024-11-10 01:52:36.217 UTC [35] LOG:  execute <unnamed>: BEGIN READ ONLY
2024-11-10 01:52:36.218 UTC [35] LOG:  execute <unnamed>: select u1_0.id,u1_0.email,u1_0.name from users u1_0 where u1_0.id=$1
2024-11-10 01:52:36.218 UTC [35] DETAIL:  parameters: $1 = '1'
2024-11-10 01:52:36.221 UTC [35] LOG:  execute S_1: COMMIT
2024-11-10 02:02:44.748 UTC [29] LOG:  database system was shut down at 2024-11-10 01:54:58 UTC
2024-11-10 02:02:44.773 UTC [1] LOG:  database system is ready to accept connections
2024-11-10 02:02:53.425 UTC [36] LOG:  execute <unnamed>: SET extra_float_digits = 3
2024-11-10 02:02:53.427 UTC [36] LOG:  execute <unnamed>: SET application_name = 'PostgreSQL JDBC Driver'
2024-11-10 02:02:53.515 UTC [36] LOG:  execute <unnamed>: SHOW TRANSACTION ISOLATION LEVEL
2024-11-10 02:02:53.665 UTC [37] LOG:  execute <unnamed>: SET extra_float_digits = 3
2024-11-10 02:02:53.666 UTC [37] LOG:  execute <unnamed>: SET application_name = 'PostgreSQL JDBC Driver'
2024-11-10 02:02:53.679 UTC [36] LOG:  execute <unnamed>: select string_agg(word, ',') from pg_catalog.pg_get_keywords() where word <> ALL ('{a,abs,absolute,action,ada,add,admin,after,all,allocate,alter,always,and,any,are,array,as,asc,asensitive,assertion,assignment,asymmetric,at,atomic,attribute,attributes,authorization,avg,before,begin,bernoulli,between,bigint,binary,blob,boolean,both,breadth,by,c,call,called,cardinality,cascade,cascaded,case,cast,catalog,catalog_name,ceil,ceiling,chain,char,char_length,character,character_length,character_set_catalog,character_set_name,character_set_schema,characteristics,characters,check,checked,class_origin,clob,close,coalesce,cobol,code_units,collate,collation,collation_catalog,collation_name,collation_schema,collect,column,column_name,command_function,command_function_code,commit,committed,condition,condition_number,connect,connection_name,constraint,constraint_catalog,constraint_name,constraint_schema,constraints,constructors,contains,continue,convert,corr,corresponding,count,covar_pop,covar_samp,create,cross,cube,cume_dist,current,current_collation,current_date,current_default_transform_group,current_path,current_role,current_time,current_timestamp,current_transform_group_for_type,current_user,cursor,cursor_name,cycle,data,date,datetime_interval_code,datetime_interval_precision,day,deallocate,dec,decimal,declare,default,defaults,deferrable,deferred,defined,definer,degree,delete,dense_rank,depth,deref,derived,desc,describe,descriptor,deterministic,diagnostics,disconnect,dispatch,distinct,domain,double,drop,dynamic,dynamic_function,dynamic_function_code,each,element,else,end,end-exec,equals,escape,every,except,exception,exclude,excluding,exec,execute,exists,exp,external,extract,false,fetch,filter,final,first,float,floor,following,for,foreign,fortran,found,free,from,full,function,fusion,g,general,get,global,go,goto,grant,granted,group,grouping,having,hierarchy,hold,hour,identity,immediate,implementation,in,including,increment,indicator,initially,inner,inout,input,insensitive,insert,instance,instantiable,int,integer,intersect,intersection,interval,into,invoker,is,isolation,join,k,key,key_member,key_type,language,large,last,lateral,leading,left,length,level,like,ln,local,localtime,localtimestamp,locator,lower,m,map,match,matched,max,maxvalue,member,merge,message_length,message_octet_length,message_text,method,min,minute,minvalue,mod,modifies,module,month,more,multiset,mumps,name,names,national,natural,nchar,nclob,nesting,new,next,no,none,normalize,normalized,not,"null",nullable,nullif,nulls,number,numeric,object,octet_length,octets,of,old,on,only,open,option,options,or,order,ordering,ordinality,others,out,outer,output,over,overlaps,overlay,overriding,pad,parameter,parameter_mode,parameter_name,parameter_ordinal_position,parameter_specific_catalog,parameter_specific_name,parameter_specific_schema,partial,partition,pascal,path,percent_rank,percentile_cont,percentile_disc,placing,pli,position,power,preceding,precision,prepare,preserve,primary,prior,privileges,procedure,public,range,rank,read,reads,real,recursive,ref,references,referencing,regr_avgx,regr_avgy,regr_count,regr_intercept,regr_r2,regr_slope,regr_sxx,regr_sxy,regr_syy,relative,release,repeatable,restart,result,return,returned_cardinality,returned_length,returned_octet_length,returned_sqlstate,returns,revoke,right,role,rollback,rollup,routine,routine_catalog,routine_name,routine_schema,row,row_count,row_number,rows,savepoint,scale,schema,schema_name,scope_catalog,scope_name,scope_schema,scroll,search,second,section,security,select,self,sensitive,sequence,serializable,server_name,session,session_user,set,sets,similar,simple,size,smallint,some,source,space,specific,specific_name,specifictype,sql,sqlexception,sqlstate,sqlwarning,sqrt,start,state,statement,static,stddev_pop,stddev_samp,structure,style,subclass_origin,submultiset,substring,sum,symmetric,system,system_user,table,table_name,tablesample,temporary,then,ties,time,timestamp,timezone_hour,timezone_minute,to,top_level_count,trailing,transaction,transaction_active,transactions_committed,transactions_rolled_back,transform,transforms,translate,translation,treat,trigger,trigger_catalog,trigger_name,trigger_schema,trim,true,type,uescape,unbounded,uncommitted,under,union,unique,unknown,unnamed,unnest,update,upper,usage,user,user_defined_type_catalog,user_defined_type_code,user_defined_type_name,user_defined_type_schema,using,value,values,var_pop,var_samp,varchar,varying,view,when,whenever,where,width_bucket,window,with,within,without,work,write,year,zone}'::text[])
2024-11-10 02:02:53.688 UTC [38] LOG:  execute <unnamed>: SET extra_float_digits = 3
2024-11-10 02:02:53.689 UTC [38] LOG:  execute <unnamed>: SET application_name = 'PostgreSQL JDBC Driver'
2024-11-10 02:02:53.713 UTC [39] LOG:  execute <unnamed>: SET extra_float_digits = 3
2024-11-10 02:02:53.714 UTC [39] LOG:  execute <unnamed>: SET application_name = 'PostgreSQL JDBC Driver'
2024-11-10 02:02:53.734 UTC [40] LOG:  execute <unnamed>: SET extra_float_digits = 3
2024-11-10 02:02:53.735 UTC [40] LOG:  execute <unnamed>: SET application_name = 'PostgreSQL JDBC Driver'
2024-11-10 02:02:53.754 UTC [41] LOG:  execute <unnamed>: SET extra_float_digits = 3
2024-11-10 02:02:53.755 UTC [41] LOG:  execute <unnamed>: SET application_name = 'PostgreSQL JDBC Driver'
2024-11-10 02:02:53.763 UTC [36] LOG:  execute <unnamed>: select current_schema()
2024-11-10 02:02:53.766 UTC [36] LOG:  execute <unnamed>: select current_schema()
2024-11-10 02:02:53.780 UTC [42] LOG:  execute <unnamed>: SET extra_float_digits = 3
2024-11-10 02:02:53.783 UTC [42] LOG:  execute <unnamed>: SET application_name = 'PostgreSQL JDBC Driver'
2024-11-10 02:02:53.815 UTC [43] LOG:  execute <unnamed>: SET extra_float_digits = 3
2024-11-10 02:02:53.821 UTC [43] LOG:  execute <unnamed>: SET application_name = 'PostgreSQL JDBC Driver'
2024-11-10 02:02:53.850 UTC [44] LOG:  execute <unnamed>: SET extra_float_digits = 3
2024-11-10 02:02:53.851 UTC [44] LOG:  execute <unnamed>: SET application_name = 'PostgreSQL JDBC Driver'
2024-11-10 02:02:53.871 UTC [45] LOG:  execute <unnamed>: SET extra_float_digits = 3
2024-11-10 02:02:53.872 UTC [45] LOG:  execute <unnamed>: SET application_name = 'PostgreSQL JDBC Driver'
2024-11-10 02:02:54.202 UTC [36] LOG:  execute <unnamed>: select * from information_schema.sequences
2024-11-10 02:02:55.600 UTC [36] LOG:  execute <unnamed>: select * from information_schema.sequences
2024-11-10 02:02:55.610 UTC [36] LOG:  execute <unnamed>: SELECT NULL AS TABLE_CAT, n.nspname AS TABLE_SCHEM, c.relname AS TABLE_NAME,  CASE n.nspname ~ '^pg_' OR n.nspname = 'information_schema'  WHEN true THEN CASE  WHEN n.nspname = 'pg_catalog' OR n.nspname = 'information_schema' THEN CASE c.relkind   WHEN 'r' THEN 'SYSTEM TABLE'   WHEN 'v' THEN 'SYSTEM VIEW'   WHEN 'i' THEN 'SYSTEM INDEX'   ELSE NULL   END  WHEN n.nspname = 'pg_toast' THEN CASE c.relkind   WHEN 'r' THEN 'SYSTEM TOAST TABLE'   WHEN 'i' THEN 'SYSTEM TOAST INDEX'   ELSE NULL   END  ELSE CASE c.relkind   WHEN 'r' THEN 'TEMPORARY TABLE'   WHEN 'p' THEN 'TEMPORARY TABLE'   WHEN 'i' THEN 'TEMPORARY INDEX'   WHEN 'S' THEN 'TEMPORARY SEQUENCE'   WHEN 'v' THEN 'TEMPORARY VIEW'   ELSE NULL   END  END  WHEN false THEN CASE c.relkind  WHEN 'r' THEN 'TABLE'  WHEN 'p' THEN 'PARTITIONED TABLE'  WHEN 'i' THEN 'INDEX'  WHEN 'P' then 'PARTITIONED INDEX'  WHEN 'S' THEN 'SEQUENCE'  WHEN 'v' THEN 'VIEW'  WHEN 'c' THEN 'TYPE'  WHEN 'f' THEN 'FOREIGN TABLE'  WHEN 'm' THEN 'MATERIALIZED VIEW'  ELSE NULL  END  ELSE NULL  END  AS TABLE_TYPE, d.description AS REMARKS,  '' as TYPE_CAT, '' as TYPE_SCHEM, '' as TYPE_NAME, '' AS SELF_REFERENCING_COL_NAME, '' AS REF_GENERATION  FROM pg_catalog.pg_namespace n, pg_catalog.pg_class c  LEFT JOIN pg_catalog.pg_description d ON (c.oid = d.objoid AND d.objsubid = 0  and d.classoid = 'pg_class'::regclass)  WHERE c.relnamespace = n.oid  AND n.nspname LIKE 'public' AND c.relname LIKE '%' AND (false  OR ( c.relkind = 'r' AND n.nspname !~ '^pg_' AND n.nspname <> 'information_schema' )  OR ( c.relkind = 'v' AND n.nspname <> 'pg_catalog' AND n.nspname <> 'information_schema' )  OR ( c.relkind = 'm' )  OR ( c.relkind = 'p' AND n.nspname !~ '^pg_' AND n.nspname <> 'information_schema' ) )  ORDER BY TABLE_TYPE,TABLE_SCHEM,TABLE_NAME 
2024-11-10 02:02:55.619 UTC [36] LOG:  execute <unnamed>: SELECT * FROM (SELECT n.nspname,c.relname,a.attname,a.atttypid,a.attnotnull OR (t.typtype = 'd' AND t.typnotnull) AS attnotnull,a.atttypmod,a.attlen,t.typtypmod,row_number() OVER (PARTITION BY a.attrelid ORDER BY a.attnum) AS attnum, nullif(a.attidentity, '') as attidentity,nullif(a.attgenerated, '') as attgenerated,pg_catalog.pg_get_expr(def.adbin, def.adrelid) AS adsrc,dsc.description,t.typbasetype,t.typtype  FROM pg_catalog.pg_namespace n  JOIN pg_catalog.pg_class c ON (c.relnamespace = n.oid)  JOIN pg_catalog.pg_attribute a ON (a.attrelid=c.oid)  JOIN pg_catalog.pg_type t ON (a.atttypid = t.oid)  LEFT JOIN pg_catalog.pg_attrdef def ON (a.attrelid=def.adrelid AND a.attnum = def.adnum)  LEFT JOIN pg_catalog.pg_description dsc ON (c.oid=dsc.objoid AND a.attnum = dsc.objsubid)  LEFT JOIN pg_catalog.pg_class dc ON (dc.oid=dsc.classoid AND dc.relname='pg_class')  LEFT JOIN pg_catalog.pg_namespace dn ON (dc.relnamespace=dn.oid AND dn.nspname='pg_catalog')  WHERE c.relkind in ('r','p','v','f','m') and a.attnum > 0 AND NOT a.attisdropped  AND n.nspname LIKE 'public') c WHERE true  AND attname LIKE '%' ORDER BY nspname,c.relname,attnum 
2024-11-10 02:08:20.456 UTC [1] LOG:  received fast shutdown request
2024-11-10 02:08:20.467 UTC [1] LOG:  aborting any active transactions
2024-11-10 02:08:20.479 UTC [1] LOG:  background worker "logical replication launcher" (PID 35) exited with exit code 1
2024-11-10 02:08:20.491 UTC [30] LOG:  shutting down
2024-11-10 02:08:20.568 UTC [1] LOG:  database system is shut down
2024-11-10 02:08:38.646 UTC [28] LOG:  database system was shut down at 2024-11-10 02:08:20 UTC
2024-11-10 02:08:38.659 UTC [1] LOG:  database system is ready to accept connections
2024-11-10 02:08:53.467 UTC [35] LOG:  execute <unnamed>: SET extra_float_digits = 3
2024-11-10 02:08:53.468 UTC [35] LOG:  execute <unnamed>: SET application_name = 'PostgreSQL JDBC Driver'
2024-11-10 02:08:53.554 UTC [35] LOG:  execute <unnamed>: SHOW TRANSACTION ISOLATION LEVEL
2024-11-10 02:08:53.694 UTC [36] LOG:  execute <unnamed>: SET extra_float_digits = 3
2024-11-10 02:08:53.704 UTC [36] LOG:  execute <unnamed>: SET application_name = 'PostgreSQL JDBC Driver'
2024-11-10 02:08:53.731 UTC [37] LOG:  execute <unnamed>: SET extra_float_digits = 3
2024-11-10 02:08:53.731 UTC [37] LOG:  execute <unnamed>: SET application_name = 'PostgreSQL JDBC Driver'
2024-11-10 02:08:53.753 UTC [38] LOG:  execute <unnamed>: SET extra_float_digits = 3
2024-11-10 02:08:53.754 UTC [38] LOG:  execute <unnamed>: SET application_name = 'PostgreSQL JDBC Driver'
2024-11-10 02:08:53.783 UTC [39] LOG:  execute <unnamed>: SET extra_float_digits = 3
2024-11-10 02:08:53.784 UTC [39] LOG:  execute <unnamed>: SET application_name = 'PostgreSQL JDBC Driver'
2024-11-10 02:08:53.805 UTC [40] LOG:  execute <unnamed>: SET extra_float_digits = 3
2024-11-10 02:08:53.805 UTC [40] LOG:  execute <unnamed>: SET application_name = 'PostgreSQL JDBC Driver'
2024-11-10 02:08:53.832 UTC [41] LOG:  execute <unnamed>: SET extra_float_digits = 3
2024-11-10 02:08:53.833 UTC [41] LOG:  execute <unnamed>: SET application_name = 'PostgreSQL JDBC Driver'
2024-11-10 02:08:53.845 UTC [35] LOG:  execute <unnamed>: select string_agg(word, ',') from pg_catalog.pg_get_keywords() where word <> ALL ('{a,abs,absolute,action,ada,add,admin,after,all,allocate,alter,always,and,any,are,array,as,asc,asensitive,assertion,assignment,asymmetric,at,atomic,attribute,attributes,authorization,avg,before,begin,bernoulli,between,bigint,binary,blob,boolean,both,breadth,by,c,call,called,cardinality,cascade,cascaded,case,cast,catalog,catalog_name,ceil,ceiling,chain,char,char_length,character,character_length,character_set_catalog,character_set_name,character_set_schema,characteristics,characters,check,checked,class_origin,clob,close,coalesce,cobol,code_units,collate,collation,collation_catalog,collation_name,collation_schema,collect,column,column_name,command_function,command_function_code,commit,committed,condition,condition_number,connect,connection_name,constraint,constraint_catalog,constraint_name,constraint_schema,constraints,constructors,contains,continue,convert,corr,corresponding,count,covar_pop,covar_samp,create,cross,cube,cume_dist,current,current_collation,current_date,current_default_transform_group,current_path,current_role,current_time,current_timestamp,current_transform_group_for_type,current_user,cursor,cursor_name,cycle,data,date,datetime_interval_code,datetime_interval_precision,day,deallocate,dec,decimal,declare,default,defaults,deferrable,deferred,defined,definer,degree,delete,dense_rank,depth,deref,derived,desc,describe,descriptor,deterministic,diagnostics,disconnect,dispatch,distinct,domain,double,drop,dynamic,dynamic_function,dynamic_function_code,each,element,else,end,end-exec,equals,escape,every,except,exception,exclude,excluding,exec,execute,exists,exp,external,extract,false,fetch,filter,final,first,float,floor,following,for,foreign,fortran,found,free,from,full,function,fusion,g,general,get,global,go,goto,grant,granted,group,grouping,having,hierarchy,hold,hour,identity,immediate,implementation,in,including,increment,indicator,initially,inner,inout,input,insensitive,insert,instance,instantiable,int,integer,intersect,intersection,interval,into,invoker,is,isolation,join,k,key,key_member,key_type,language,large,last,lateral,leading,left,length,level,like,ln,local,localtime,localtimestamp,locator,lower,m,map,match,matched,max,maxvalue,member,merge,message_length,message_octet_length,message_text,method,min,minute,minvalue,mod,modifies,module,month,more,multiset,mumps,name,names,national,natural,nchar,nclob,nesting,new,next,no,none,normalize,normalized,not,"null",nullable,nullif,nulls,number,numeric,object,octet_length,octets,of,old,on,only,open,option,options,or,order,ordering,ordinality,others,out,outer,output,over,overlaps,overlay,overriding,pad,parameter,parameter_mode,parameter_name,parameter_ordinal_position,parameter_specific_catalog,parameter_specific_name,parameter_specific_schema,partial,partition,pascal,path,percent_rank,percentile_cont,percentile_disc,placing,pli,position,power,preceding,precision,prepare,preserve,primary,prior,privileges,procedure,public,range,rank,read,reads,real,recursive,ref,references,referencing,regr_avgx,regr_avgy,regr_count,regr_intercept,regr_r2,regr_slope,regr_sxx,regr_sxy,regr_syy,relative,release,repeatable,restart,result,return,returned_cardinality,returned_length,returned_octet_length,returned_sqlstate,returns,revoke,right,role,rollback,rollup,routine,routine_catalog,routine_name,routine_schema,row,row_count,row_number,rows,savepoint,scale,schema,schema_name,scope_catalog,scope_name,scope_schema,scroll,search,second,section,security,select,self,sensitive,sequence,serializable,server_name,session,session_user,set,sets,similar,simple,size,smallint,some,source,space,specific,specific_name,specifictype,sql,sqlexception,sqlstate,sqlwarning,sqrt,start,state,statement,static,stddev_pop,stddev_samp,structure,style,subclass_origin,submultiset,substring,sum,symmetric,system,system_user,table,table_name,tablesample,temporary,then,ties,time,timestamp,timezone_hour,timezone_minute,to,top_level_count,trailing,transaction,transaction_active,transactions_committed,transactions_rolled_back,transform,transforms,translate,translation,treat,trigger,trigger_catalog,trigger_name,trigger_schema,trim,true,type,uescape,unbounded,uncommitted,under,union,unique,unknown,unnamed,unnest,update,upper,usage,user,user_defined_type_catalog,user_defined_type_code,user_defined_type_name,user_defined_type_schema,using,value,values,var_pop,var_samp,varchar,varying,view,when,whenever,where,width_bucket,window,with,within,without,work,write,year,zone}'::text[])
2024-11-10 02:08:53.854 UTC [42] LOG:  execute <unnamed>: SET extra_float_digits = 3
2024-11-10 02:08:53.856 UTC [42] LOG:  execute <unnamed>: SET application_name = 'PostgreSQL JDBC Driver'
2024-11-10 02:08:53.877 UTC [43] LOG:  execute <unnamed>: SET extra_float_digits = 3
2024-11-10 02:08:53.878 UTC [43] LOG:  execute <unnamed>: SET application_name = 'PostgreSQL JDBC Driver'
2024-11-10 02:08:53.911 UTC [44] LOG:  execute <unnamed>: SET extra_float_digits = 3
2024-11-10 02:08:53.912 UTC [44] LOG:  execute <unnamed>: SET application_name = 'PostgreSQL JDBC Driver'
2024-11-10 02:08:54.028 UTC [35] LOG:  execute <unnamed>: select current_schema()
2024-11-10 02:08:54.041 UTC [35] LOG:  execute <unnamed>: select current_schema()
2024-11-10 02:08:54.775 UTC [35] LOG:  execute <unnamed>: select * from information_schema.sequences
2024-11-10 02:08:56.512 UTC [35] LOG:  execute <unnamed>: select * from information_schema.sequences
2024-11-10 02:08:56.526 UTC [35] LOG:  execute <unnamed>: SELECT NULL AS TABLE_CAT, n.nspname AS TABLE_SCHEM, c.relname AS TABLE_NAME,  CASE n.nspname ~ '^pg_' OR n.nspname = 'information_schema'  WHEN true THEN CASE  WHEN n.nspname = 'pg_catalog' OR n.nspname = 'information_schema' THEN CASE c.relkind   WHEN 'r' THEN 'SYSTEM TABLE'   WHEN 'v' THEN 'SYSTEM VIEW'   WHEN 'i' THEN 'SYSTEM INDEX'   ELSE NULL   END  WHEN n.nspname = 'pg_toast' THEN CASE c.relkind   WHEN 'r' THEN 'SYSTEM TOAST TABLE'   WHEN 'i' THEN 'SYSTEM TOAST INDEX'   ELSE NULL   END  ELSE CASE c.relkind   WHEN 'r' THEN 'TEMPORARY TABLE'   WHEN 'p' THEN 'TEMPORARY TABLE'   WHEN 'i' THEN 'TEMPORARY INDEX'   WHEN 'S' THEN 'TEMPORARY SEQUENCE'   WHEN 'v' THEN 'TEMPORARY VIEW'   ELSE NULL   END  END  WHEN false THEN CASE c.relkind  WHEN 'r' THEN 'TABLE'  WHEN 'p' THEN 'PARTITIONED TABLE'  WHEN 'i' THEN 'INDEX'  WHEN 'P' then 'PARTITIONED INDEX'  WHEN 'S' THEN 'SEQUENCE'  WHEN 'v' THEN 'VIEW'  WHEN 'c' THEN 'TYPE'  WHEN 'f' THEN 'FOREIGN TABLE'  WHEN 'm' THEN 'MATERIALIZED VIEW'  ELSE NULL  END  ELSE NULL  END  AS TABLE_TYPE, d.description AS REMARKS,  '' as TYPE_CAT, '' as TYPE_SCHEM, '' as TYPE_NAME, '' AS SELF_REFERENCING_COL_NAME, '' AS REF_GENERATION  FROM pg_catalog.pg_namespace n, pg_catalog.pg_class c  LEFT JOIN pg_catalog.pg_description d ON (c.oid = d.objoid AND d.objsubid = 0  and d.classoid = 'pg_class'::regclass)  WHERE c.relnamespace = n.oid  AND n.nspname LIKE 'public' AND c.relname LIKE '%' AND (false  OR ( c.relkind = 'r' AND n.nspname !~ '^pg_' AND n.nspname <> 'information_schema' )  OR ( c.relkind = 'v' AND n.nspname <> 'pg_catalog' AND n.nspname <> 'information_schema' )  OR ( c.relkind = 'm' )  OR ( c.relkind = 'p' AND n.nspname !~ '^pg_' AND n.nspname <> 'information_schema' ) )  ORDER BY TABLE_TYPE,TABLE_SCHEM,TABLE_NAME 
2024-11-10 02:08:56.536 UTC [35] LOG:  execute <unnamed>: SELECT * FROM (SELECT n.nspname,c.relname,a.attname,a.atttypid,a.attnotnull OR (t.typtype = 'd' AND t.typnotnull) AS attnotnull,a.atttypmod,a.attlen,t.typtypmod,row_number() OVER (PARTITION BY a.attrelid ORDER BY a.attnum) AS attnum, nullif(a.attidentity, '') as attidentity,nullif(a.attgenerated, '') as attgenerated,pg_catalog.pg_get_expr(def.adbin, def.adrelid) AS adsrc,dsc.description,t.typbasetype,t.typtype  FROM pg_catalog.pg_namespace n  JOIN pg_catalog.pg_class c ON (c.relnamespace = n.oid)  JOIN pg_catalog.pg_attribute a ON (a.attrelid=c.oid)  JOIN pg_catalog.pg_type t ON (a.atttypid = t.oid)  LEFT JOIN pg_catalog.pg_attrdef def ON (a.attrelid=def.adrelid AND a.attnum = def.adnum)  LEFT JOIN pg_catalog.pg_description dsc ON (c.oid=dsc.objoid AND a.attnum = dsc.objsubid)  LEFT JOIN pg_catalog.pg_class dc ON (dc.oid=dsc.classoid AND dc.relname='pg_class')  LEFT JOIN pg_catalog.pg_namespace dn ON (dc.relnamespace=dn.oid AND dn.nspname='pg_catalog')  WHERE c.relkind in ('r','p','v','f','m') and a.attnum > 0 AND NOT a.attisdropped  AND n.nspname LIKE 'public') c WHERE true  AND attname LIKE '%' ORDER BY nspname,c.relname,attnum 
2024-11-10 02:09:46.781 UTC [1] LOG:  received fast shutdown request
2024-11-10 02:09:46.796 UTC [1] LOG:  aborting any active transactions
2024-11-10 02:09:46.803 UTC [1] LOG:  background worker "logical replication launcher" (PID 34) exited with exit code 1
2024-11-10 02:09:46.808 UTC [29] LOG:  shutting down
2024-11-10 02:09:46.837 UTC [1] LOG:  database system is shut down
2024-11-10 02:09:59.624 UTC [28] LOG:  database system was shut down at 2024-11-10 02:09:46 UTC
2024-11-10 02:09:59.642 UTC [1] LOG:  database system is ready to accept connections
2024-11-10 02:10:13.981 UTC [35] LOG:  execute <unnamed>: SET extra_float_digits = 3
2024-11-10 02:10:13.982 UTC [35] LOG:  execute <unnamed>: SET application_name = 'PostgreSQL JDBC Driver'
2024-11-10 02:10:14.064 UTC [35] LOG:  execute <unnamed>: SHOW TRANSACTION ISOLATION LEVEL
2024-11-10 02:10:14.212 UTC [36] LOG:  execute <unnamed>: SET extra_float_digits = 3
2024-11-10 02:10:14.213 UTC [36] LOG:  execute <unnamed>: SET application_name = 'PostgreSQL JDBC Driver'
2024-11-10 02:10:14.233 UTC [37] LOG:  execute <unnamed>: SET extra_float_digits = 3
2024-11-10 02:10:14.234 UTC [37] LOG:  execute <unnamed>: SET application_name = 'PostgreSQL JDBC Driver'
2024-11-10 02:10:14.266 UTC [38] LOG:  execute <unnamed>: SET extra_float_digits = 3
2024-11-10 02:10:14.267 UTC [38] LOG:  execute <unnamed>: SET application_name = 'PostgreSQL JDBC Driver'
2024-11-10 02:10:14.273 UTC [35] LOG:  execute <unnamed>: select string_agg(word, ',') from pg_catalog.pg_get_keywords() where word <> ALL ('{a,abs,absolute,action,ada,add,admin,after,all,allocate,alter,always,and,any,are,array,as,asc,asensitive,assertion,assignment,asymmetric,at,atomic,attribute,attributes,authorization,avg,before,begin,bernoulli,between,bigint,binary,blob,boolean,both,breadth,by,c,call,called,cardinality,cascade,cascaded,case,cast,catalog,catalog_name,ceil,ceiling,chain,char,char_length,character,character_length,character_set_catalog,character_set_name,character_set_schema,characteristics,characters,check,checked,class_origin,clob,close,coalesce,cobol,code_units,collate,collation,collation_catalog,collation_name,collation_schema,collect,column,column_name,command_function,command_function_code,commit,committed,condition,condition_number,connect,connection_name,constraint,constraint_catalog,constraint_name,constraint_schema,constraints,constructors,contains,continue,convert,corr,corresponding,count,covar_pop,covar_samp,create,cross,cube,cume_dist,current,current_collation,current_date,current_default_transform_group,current_path,current_role,current_time,current_timestamp,current_transform_group_for_type,current_user,cursor,cursor_name,cycle,data,date,datetime_interval_code,datetime_interval_precision,day,deallocate,dec,decimal,declare,default,defaults,deferrable,deferred,defined,definer,degree,delete,dense_rank,depth,deref,derived,desc,describe,descriptor,deterministic,diagnostics,disconnect,dispatch,distinct,domain,double,drop,dynamic,dynamic_function,dynamic_function_code,each,element,else,end,end-exec,equals,escape,every,except,exception,exclude,excluding,exec,execute,exists,exp,external,extract,false,fetch,filter,final,first,float,floor,following,for,foreign,fortran,found,free,from,full,function,fusion,g,general,get,global,go,goto,grant,granted,group,grouping,having,hierarchy,hold,hour,identity,immediate,implementation,in,including,increment,indicator,initially,inner,inout,input,insensitive,insert,instance,instantiable,int,integer,intersect,intersection,interval,into,invoker,is,isolation,join,k,key,key_member,key_type,language,large,last,lateral,leading,left,length,level,like,ln,local,localtime,localtimestamp,locator,lower,m,map,match,matched,max,maxvalue,member,merge,message_length,message_octet_length,message_text,method,min,minute,minvalue,mod,modifies,module,month,more,multiset,mumps,name,names,national,natural,nchar,nclob,nesting,new,next,no,none,normalize,normalized,not,"null",nullable,nullif,nulls,number,numeric,object,octet_length,octets,of,old,on,only,open,option,options,or,order,ordering,ordinality,others,out,outer,output,over,overlaps,overlay,overriding,pad,parameter,parameter_mode,parameter_name,parameter_ordinal_position,parameter_specific_catalog,parameter_specific_name,parameter_specific_schema,partial,partition,pascal,path,percent_rank,percentile_cont,percentile_disc,placing,pli,position,power,preceding,precision,prepare,preserve,primary,prior,privileges,procedure,public,range,rank,read,reads,real,recursive,ref,references,referencing,regr_avgx,regr_avgy,regr_count,regr_intercept,regr_r2,regr_slope,regr_sxx,regr_sxy,regr_syy,relative,release,repeatable,restart,result,return,returned_cardinality,returned_length,returned_octet_length,returned_sqlstate,returns,revoke,right,role,rollback,rollup,routine,routine_catalog,routine_name,routine_schema,row,row_count,row_number,rows,savepoint,scale,schema,schema_name,scope_catalog,scope_name,scope_schema,scroll,search,second,section,security,select,self,sensitive,sequence,serializable,server_name,session,session_user,set,sets,similar,simple,size,smallint,some,source,space,specific,specific_name,specifictype,sql,sqlexception,sqlstate,sqlwarning,sqrt,start,state,statement,static,stddev_pop,stddev_samp,structure,style,subclass_origin,submultiset,substring,sum,symmetric,system,system_user,table,table_name,tablesample,temporary,then,ties,time,timestamp,timezone_hour,timezone_minute,to,top_level_count,trailing,transaction,transaction_active,transactions_committed,transactions_rolled_back,transform,transforms,translate,translation,treat,trigger,trigger_catalog,trigger_name,trigger_schema,trim,true,type,uescape,unbounded,uncommitted,under,union,unique,unknown,unnamed,unnest,update,upper,usage,user,user_defined_type_catalog,user_defined_type_code,user_defined_type_name,user_defined_type_schema,using,value,values,var_pop,var_samp,varchar,varying,view,when,whenever,where,width_bucket,window,with,within,without,work,write,year,zone}'::text[])
2024-11-10 02:10:14.289 UTC [39] LOG:  execute <unnamed>: SET extra_float_digits = 3
2024-11-10 02:10:14.289 UTC [39] LOG:  execute <unnamed>: SET application_name = 'PostgreSQL JDBC Driver'
2024-11-10 02:10:14.309 UTC [40] LOG:  execute <unnamed>: SET extra_float_digits = 3
2024-11-10 02:10:14.310 UTC [40] LOG:  execute <unnamed>: SET application_name = 'PostgreSQL JDBC Driver'
2024-11-10 02:10:14.322 UTC [35] LOG:  execute <unnamed>: select current_schema()
2024-11-10 02:10:14.331 UTC [35] LOG:  execute <unnamed>: select current_schema()
2024-11-10 02:10:14.333 UTC [41] LOG:  execute <unnamed>: SET extra_float_digits = 3
2024-11-10 02:10:14.334 UTC [41] LOG:  execute <unnamed>: SET application_name = 'PostgreSQL JDBC Driver'
2024-11-10 02:10:14.353 UTC [42] LOG:  execute <unnamed>: SET extra_float_digits = 3
2024-11-10 02:10:14.353 UTC [42] LOG:  execute <unnamed>: SET application_name = 'PostgreSQL JDBC Driver'
2024-11-10 02:10:14.372 UTC [43] LOG:  execute <unnamed>: SET extra_float_digits = 3
2024-11-10 02:10:14.373 UTC [43] LOG:  execute <unnamed>: SET application_name = 'PostgreSQL JDBC Driver'
2024-11-10 02:10:14.391 UTC [44] LOG:  execute <unnamed>: SET extra_float_digits = 3
2024-11-10 02:10:14.392 UTC [44] LOG:  execute <unnamed>: SET application_name = 'PostgreSQL JDBC Driver'
2024-11-10 02:10:14.789 UTC [35] LOG:  execute <unnamed>: select * from information_schema.sequences
2024-11-10 02:10:16.136 UTC [35] LOG:  execute <unnamed>: select * from information_schema.sequences
2024-11-10 02:10:16.150 UTC [35] LOG:  execute <unnamed>: SELECT NULL AS TABLE_CAT, n.nspname AS TABLE_SCHEM, c.relname AS TABLE_NAME,  CASE n.nspname ~ '^pg_' OR n.nspname = 'information_schema'  WHEN true THEN CASE  WHEN n.nspname = 'pg_catalog' OR n.nspname = 'information_schema' THEN CASE c.relkind   WHEN 'r' THEN 'SYSTEM TABLE'   WHEN 'v' THEN 'SYSTEM VIEW'   WHEN 'i' THEN 'SYSTEM INDEX'   ELSE NULL   END  WHEN n.nspname = 'pg_toast' THEN CASE c.relkind   WHEN 'r' THEN 'SYSTEM TOAST TABLE'   WHEN 'i' THEN 'SYSTEM TOAST INDEX'   ELSE NULL   END  ELSE CASE c.relkind   WHEN 'r' THEN 'TEMPORARY TABLE'   WHEN 'p' THEN 'TEMPORARY TABLE'   WHEN 'i' THEN 'TEMPORARY INDEX'   WHEN 'S' THEN 'TEMPORARY SEQUENCE'   WHEN 'v' THEN 'TEMPORARY VIEW'   ELSE NULL   END  END  WHEN false THEN CASE c.relkind  WHEN 'r' THEN 'TABLE'  WHEN 'p' THEN 'PARTITIONED TABLE'  WHEN 'i' THEN 'INDEX'  WHEN 'P' then 'PARTITIONED INDEX'  WHEN 'S' THEN 'SEQUENCE'  WHEN 'v' THEN 'VIEW'  WHEN 'c' THEN 'TYPE'  WHEN 'f' THEN 'FOREIGN TABLE'  WHEN 'm' THEN 'MATERIALIZED VIEW'  ELSE NULL  END  ELSE NULL  END  AS TABLE_TYPE, d.description AS REMARKS,  '' as TYPE_CAT, '' as TYPE_SCHEM, '' as TYPE_NAME, '' AS SELF_REFERENCING_COL_NAME, '' AS REF_GENERATION  FROM pg_catalog.pg_namespace n, pg_catalog.pg_class c  LEFT JOIN pg_catalog.pg_description d ON (c.oid = d.objoid AND d.objsubid = 0  and d.classoid = 'pg_class'::regclass)  WHERE c.relnamespace = n.oid  AND n.nspname LIKE 'public' AND c.relname LIKE '%' AND (false  OR ( c.relkind = 'r' AND n.nspname !~ '^pg_' AND n.nspname <> 'information_schema' )  OR ( c.relkind = 'v' AND n.nspname <> 'pg_catalog' AND n.nspname <> 'information_schema' )  OR ( c.relkind = 'm' )  OR ( c.relkind = 'p' AND n.nspname !~ '^pg_' AND n.nspname <> 'information_schema' ) )  ORDER BY TABLE_TYPE,TABLE_SCHEM,TABLE_NAME 
2024-11-10 02:10:16.159 UTC [35] LOG:  execute <unnamed>: SELECT * FROM (SELECT n.nspname,c.relname,a.attname,a.atttypid,a.attnotnull OR (t.typtype = 'd' AND t.typnotnull) AS attnotnull,a.atttypmod,a.attlen,t.typtypmod,row_number() OVER (PARTITION BY a.attrelid ORDER BY a.attnum) AS attnum, nullif(a.attidentity, '') as attidentity,nullif(a.attgenerated, '') as attgenerated,pg_catalog.pg_get_expr(def.adbin, def.adrelid) AS adsrc,dsc.description,t.typbasetype,t.typtype  FROM pg_catalog.pg_namespace n  JOIN pg_catalog.pg_class c ON (c.relnamespace = n.oid)  JOIN pg_catalog.pg_attribute a ON (a.attrelid=c.oid)  JOIN pg_catalog.pg_type t ON (a.atttypid = t.oid)  LEFT JOIN pg_catalog.pg_attrdef def ON (a.attrelid=def.adrelid AND a.attnum = def.adnum)  LEFT JOIN pg_catalog.pg_description dsc ON (c.oid=dsc.objoid AND a.attnum = dsc.objsubid)  LEFT JOIN pg_catalog.pg_class dc ON (dc.oid=dsc.classoid AND dc.relname='pg_class')  LEFT JOIN pg_catalog.pg_namespace dn ON (dc.relnamespace=dn.oid AND dn.nspname='pg_catalog')  WHERE c.relkind in ('r','p','v','f','m') and a.attnum > 0 AND NOT a.attisdropped  AND n.nspname LIKE 'public') c WHERE true  AND attname LIKE '%' ORDER BY nspname,c.relname,attnum 
2024-11-10 02:10:50.193 UTC [35] LOG:  execute <unnamed>: BEGIN READ ONLY
2024-11-10 02:10:50.194 UTC [35] LOG:  execute <unnamed>: select u1_0.id,u1_0.email,u1_0.name from users u1_0
2024-11-10 02:10:50.219 UTC [35] LOG:  execute S_1: COMMIT
2024-11-10 15:06:59.639 UTC [29] LOG:  database system was shut down at 2024-11-10 03:26:45 UTC
2024-11-10 15:06:59.667 UTC [1] LOG:  database system is ready to accept connections
2024-11-10 15:07:14.420 UTC [36] LOG:  execute <unnamed>: SET extra_float_digits = 3
2024-11-10 15:07:14.422 UTC [36] LOG:  execute <unnamed>: SET application_name = 'PostgreSQL JDBC Driver'
2024-11-10 15:07:14.474 UTC [36] LOG:  execute <unnamed>: SHOW TRANSACTION ISOLATION LEVEL
2024-11-10 15:07:14.611 UTC [36] LOG:  execute <unnamed>: select string_agg(word, ',') from pg_catalog.pg_get_keywords() where word <> ALL ('{a,abs,absolute,action,ada,add,admin,after,all,allocate,alter,always,and,any,are,array,as,asc,asensitive,assertion,assignment,asymmetric,at,atomic,attribute,attributes,authorization,avg,before,begin,bernoulli,between,bigint,binary,blob,boolean,both,breadth,by,c,call,called,cardinality,cascade,cascaded,case,cast,catalog,catalog_name,ceil,ceiling,chain,char,char_length,character,character_length,character_set_catalog,character_set_name,character_set_schema,characteristics,characters,check,checked,class_origin,clob,close,coalesce,cobol,code_units,collate,collation,collation_catalog,collation_name,collation_schema,collect,column,column_name,command_function,command_function_code,commit,committed,condition,condition_number,connect,connection_name,constraint,constraint_catalog,constraint_name,constraint_schema,constraints,constructors,contains,continue,convert,corr,corresponding,count,covar_pop,covar_samp,create,cross,cube,cume_dist,current,current_collation,current_date,current_default_transform_group,current_path,current_role,current_time,current_timestamp,current_transform_group_for_type,current_user,cursor,cursor_name,cycle,data,date,datetime_interval_code,datetime_interval_precision,day,deallocate,dec,decimal,declare,default,defaults,deferrable,deferred,defined,definer,degree,delete,dense_rank,depth,deref,derived,desc,describe,descriptor,deterministic,diagnostics,disconnect,dispatch,distinct,domain,double,drop,dynamic,dynamic_function,dynamic_function_code,each,element,else,end,end-exec,equals,escape,every,except,exception,exclude,excluding,exec,execute,exists,exp,external,extract,false,fetch,filter,final,first,float,floor,following,for,foreign,fortran,found,free,from,full,function,fusion,g,general,get,global,go,goto,grant,granted,group,grouping,having,hierarchy,hold,hour,identity,immediate,implementation,in,including,increment,indicator,initially,inner,inout,input,insensitive,insert,instance,instantiable,int,integer,intersect,intersection,interval,into,invoker,is,isolation,join,k,key,key_member,key_type,language,large,last,lateral,leading,left,length,level,like,ln,local,localtime,localtimestamp,locator,lower,m,map,match,matched,max,maxvalue,member,merge,message_length,message_octet_length,message_text,method,min,minute,minvalue,mod,modifies,module,month,more,multiset,mumps,name,names,national,natural,nchar,nclob,nesting,new,next,no,none,normalize,normalized,not,"null",nullable,nullif,nulls,number,numeric,object,octet_length,octets,of,old,on,only,open,option,options,or,order,ordering,ordinality,others,out,outer,output,over,overlaps,overlay,overriding,pad,parameter,parameter_mode,parameter_name,parameter_ordinal_position,parameter_specific_catalog,parameter_specific_name,parameter_specific_schema,partial,partition,pascal,path,percent_rank,percentile_cont,percentile_disc,placing,pli,position,power,preceding,precision,prepare,preserve,primary,prior,privileges,procedure,public,range,rank,read,reads,real,recursive,ref,references,referencing,regr_avgx,regr_avgy,regr_count,regr_intercept,regr_r2,regr_slope,regr_sxx,regr_sxy,regr_syy,relative,release,repeatable,restart,result,return,returned_cardinality,returned_length,returned_octet_length,returned_sqlstate,returns,revoke,right,role,rollback,rollup,routine,routine_catalog,routine_name,routine_schema,row,row_count,row_number,rows,savepoint,scale,schema,schema_name,scope_catalog,scope_name,scope_schema,scroll,search,second,section,security,select,self,sensitive,sequence,serializable,server_name,session,session_user,set,sets,similar,simple,size,smallint,some,source,space,specific,specific_name,specifictype,sql,sqlexception,sqlstate,sqlwarning,sqrt,start,state,statement,static,stddev_pop,stddev_samp,structure,style,subclass_origin,submultiset,substring,sum,symmetric,system,system_user,table,table_name,tablesample,temporary,then,ties,time,timestamp,timezone_hour,timezone_minute,to,top_level_count,trailing,transaction,transaction_active,transactions_committed,transactions_rolled_back,transform,transforms,translate,translation,treat,trigger,trigger_catalog,trigger_name,trigger_schema,trim,true,type,uescape,unbounded,uncommitted,under,union,unique,unknown,unnamed,unnest,update,upper,usage,user,user_defined_type_catalog,user_defined_type_code,user_defined_type_name,user_defined_type_schema,using,value,values,var_pop,var_samp,varchar,varying,view,when,whenever,where,width_bucket,window,with,within,without,work,write,year,zone}'::text[])
2024-11-10 15:07:14.613 UTC [37] LOG:  execute <unnamed>: SET extra_float_digits = 3
2024-11-10 15:07:14.614 UTC [37] LOG:  execute <unnamed>: SET application_name = 'PostgreSQL JDBC Driver'
2024-11-10 15:07:14.643 UTC [38] LOG:  execute <unnamed>: SET extra_float_digits = 3
2024-11-10 15:07:14.644 UTC [38] LOG:  execute <unnamed>: SET application_name = 'PostgreSQL JDBC Driver'
2024-11-10 15:07:14.678 UTC [39] LOG:  execute <unnamed>: SET extra_float_digits = 3
2024-11-10 15:07:14.679 UTC [39] LOG:  execute <unnamed>: SET application_name = 'PostgreSQL JDBC Driver'
2024-11-10 15:07:14.691 UTC [36] LOG:  execute <unnamed>: select current_schema()
2024-11-10 15:07:14.693 UTC [36] LOG:  execute <unnamed>: select current_schema()
2024-11-10 15:07:14.698 UTC [40] LOG:  execute <unnamed>: SET extra_float_digits = 3
2024-11-10 15:07:14.699 UTC [40] LOG:  execute <unnamed>: SET application_name = 'PostgreSQL JDBC Driver'
2024-11-10 15:07:14.726 UTC [41] LOG:  execute <unnamed>: SET extra_float_digits = 3
2024-11-10 15:07:14.727 UTC [41] LOG:  execute <unnamed>: SET application_name = 'PostgreSQL JDBC Driver'
2024-11-10 15:07:14.746 UTC [42] LOG:  execute <unnamed>: SET extra_float_digits = 3
2024-11-10 15:07:14.747 UTC [42] LOG:  execute <unnamed>: SET application_name = 'PostgreSQL JDBC Driver'
2024-11-10 15:07:14.766 UTC [43] LOG:  execute <unnamed>: SET extra_float_digits = 3
2024-11-10 15:07:14.767 UTC [43] LOG:  execute <unnamed>: SET application_name = 'PostgreSQL JDBC Driver'
2024-11-10 15:07:14.786 UTC [44] LOG:  execute <unnamed>: SET extra_float_digits = 3
2024-11-10 15:07:14.787 UTC [44] LOG:  execute <unnamed>: SET application_name = 'PostgreSQL JDBC Driver'
2024-11-10 15:07:14.806 UTC [45] LOG:  execute <unnamed>: SET extra_float_digits = 3
2024-11-10 15:07:14.807 UTC [45] LOG:  execute <unnamed>: SET application_name = 'PostgreSQL JDBC Driver'
2024-11-10 15:07:15.194 UTC [36] LOG:  execute <unnamed>: select * from information_schema.sequences
2024-11-10 15:07:16.602 UTC [36] LOG:  execute <unnamed>: select * from information_schema.sequences
2024-11-10 15:07:16.616 UTC [36] LOG:  execute <unnamed>: SELECT NULL AS TABLE_CAT, n.nspname AS TABLE_SCHEM, c.relname AS TABLE_NAME,  CASE n.nspname ~ '^pg_' OR n.nspname = 'information_schema'  WHEN true THEN CASE  WHEN n.nspname = 'pg_catalog' OR n.nspname = 'information_schema' THEN CASE c.relkind   WHEN 'r' THEN 'SYSTEM TABLE'   WHEN 'v' THEN 'SYSTEM VIEW'   WHEN 'i' THEN 'SYSTEM INDEX'   ELSE NULL   END  WHEN n.nspname = 'pg_toast' THEN CASE c.relkind   WHEN 'r' THEN 'SYSTEM TOAST TABLE'   WHEN 'i' THEN 'SYSTEM TOAST INDEX'   ELSE NULL   END  ELSE CASE c.relkind   WHEN 'r' THEN 'TEMPORARY TABLE'   WHEN 'p' THEN 'TEMPORARY TABLE'   WHEN 'i' THEN 'TEMPORARY INDEX'   WHEN 'S' THEN 'TEMPORARY SEQUENCE'   WHEN 'v' THEN 'TEMPORARY VIEW'   ELSE NULL   END  END  WHEN false THEN CASE c.relkind  WHEN 'r' THEN 'TABLE'  WHEN 'p' THEN 'PARTITIONED TABLE'  WHEN 'i' THEN 'INDEX'  WHEN 'P' then 'PARTITIONED INDEX'  WHEN 'S' THEN 'SEQUENCE'  WHEN 'v' THEN 'VIEW'  WHEN 'c' THEN 'TYPE'  WHEN 'f' THEN 'FOREIGN TABLE'  WHEN 'm' THEN 'MATERIALIZED VIEW'  ELSE NULL  END  ELSE NULL  END  AS TABLE_TYPE, d.description AS REMARKS,  '' as TYPE_CAT, '' as TYPE_SCHEM, '' as TYPE_NAME, '' AS SELF_REFERENCING_COL_NAME, '' AS REF_GENERATION  FROM pg_catalog.pg_namespace n, pg_catalog.pg_class c  LEFT JOIN pg_catalog.pg_description d ON (c.oid = d.objoid AND d.objsubid = 0  and d.classoid = 'pg_class'::regclass)  WHERE c.relnamespace = n.oid  AND n.nspname LIKE 'public' AND c.relname LIKE '%' AND (false  OR ( c.relkind = 'r' AND n.nspname !~ '^pg_' AND n.nspname <> 'information_schema' )  OR ( c.relkind = 'v' AND n.nspname <> 'pg_catalog' AND n.nspname <> 'information_schema' )  OR ( c.relkind = 'm' )  OR ( c.relkind = 'p' AND n.nspname !~ '^pg_' AND n.nspname <> 'information_schema' ) )  ORDER BY TABLE_TYPE,TABLE_SCHEM,TABLE_NAME 
2024-11-10 15:07:16.629 UTC [36] LOG:  execute <unnamed>: SELECT * FROM (SELECT n.nspname,c.relname,a.attname,a.atttypid,a.attnotnull OR (t.typtype = 'd' AND t.typnotnull) AS attnotnull,a.atttypmod,a.attlen,t.typtypmod,row_number() OVER (PARTITION BY a.attrelid ORDER BY a.attnum) AS attnum, nullif(a.attidentity, '') as attidentity,nullif(a.attgenerated, '') as attgenerated,pg_catalog.pg_get_expr(def.adbin, def.adrelid) AS adsrc,dsc.description,t.typbasetype,t.typtype  FROM pg_catalog.pg_namespace n  JOIN pg_catalog.pg_class c ON (c.relnamespace = n.oid)  JOIN pg_catalog.pg_attribute a ON (a.attrelid=c.oid)  JOIN pg_catalog.pg_type t ON (a.atttypid = t.oid)  LEFT JOIN pg_catalog.pg_attrdef def ON (a.attrelid=def.adrelid AND a.attnum = def.adnum)  LEFT JOIN pg_catalog.pg_description dsc ON (c.oid=dsc.objoid AND a.attnum = dsc.objsubid)  LEFT JOIN pg_catalog.pg_class dc ON (dc.oid=dsc.classoid AND dc.relname='pg_class')  LEFT JOIN pg_catalog.pg_namespace dn ON (dc.relnamespace=dn.oid AND dn.nspname='pg_catalog')  WHERE c.relkind in ('r','p','v','f','m') and a.attnum > 0 AND NOT a.attisdropped  AND n.nspname LIKE 'public') c WHERE true  AND attname LIKE '%' ORDER BY nspname,c.relname,attnum 
2024-11-10 15:36:37.046 UTC [75] LOG:  execute <unnamed>: SET extra_float_digits = 3
2024-11-10 15:36:37.047 UTC [75] LOG:  execute <unnamed>: SET application_name = 'PostgreSQL JDBC Driver'
2024-11-10 15:36:38.548 UTC [76] LOG:  execute <unnamed>: SET extra_float_digits = 3
2024-11-10 15:36:38.548 UTC [76] LOG:  execute <unnamed>: SET application_name = 'PostgreSQL JDBC Driver'
2024-11-10 15:36:48.662 UTC [77] LOG:  execute <unnamed>: SET extra_float_digits = 3
2024-11-10 15:36:48.663 UTC [77] LOG:  execute <unnamed>: SET application_name = 'PostgreSQL JDBC Driver'
2024-11-10 15:36:51.414 UTC [78] LOG:  execute <unnamed>: SET extra_float_digits = 3
2024-11-10 15:36:51.414 UTC [78] LOG:  execute <unnamed>: SET application_name = 'PostgreSQL JDBC Driver'
2024-11-10 15:36:52.186 UTC [79] LOG:  execute <unnamed>: SET extra_float_digits = 3
2024-11-10 15:36:52.187 UTC [79] LOG:  execute <unnamed>: SET application_name = 'PostgreSQL JDBC Driver'
2024-11-10 15:36:53.015 UTC [80] LOG:  execute <unnamed>: SET extra_float_digits = 3
2024-11-10 15:36:53.016 UTC [80] LOG:  execute <unnamed>: SET application_name = 'PostgreSQL JDBC Driver'
2024-11-10 15:36:56.351 UTC [81] LOG:  execute <unnamed>: SET extra_float_digits = 3
2024-11-10 15:36:56.351 UTC [81] LOG:  execute <unnamed>: SET application_name = 'PostgreSQL JDBC Driver'
2024-11-10 15:36:59.823 UTC [82] LOG:  execute <unnamed>: SET extra_float_digits = 3
2024-11-10 15:36:59.824 UTC [82] LOG:  execute <unnamed>: SET application_name = 'PostgreSQL JDBC Driver'
2024-11-10 15:37:05.094 UTC [84] LOG:  execute <unnamed>: SET extra_float_digits = 3
2024-11-10 15:37:05.094 UTC [84] LOG:  execute <unnamed>: SET application_name = 'PostgreSQL JDBC Driver'
2024-11-10 15:37:07.049 UTC [85] LOG:  execute <unnamed>: SET extra_float_digits = 3
2024-11-10 15:37:07.050 UTC [85] LOG:  execute <unnamed>: SET application_name = 'PostgreSQL JDBC Driver'
2024-11-10 16:02:17.502 UTC [1] LOG:  received fast shutdown request
2024-11-10 16:02:17.504 UTC [1] LOG:  aborting any active transactions
2024-11-10 16:02:17.511 UTC [1] LOG:  background worker "logical replication launcher" (PID 35) exited with exit code 1
2024-11-10 16:02:17.517 UTC [30] LOG:  shutting down
2024-11-10 16:02:17.568 UTC [1] LOG:  database system is shut down
