2024/11/10 01:48:09 [notice] 1#1: using the "epoll" event method
2024/11/10 01:48:09 [notice] 1#1: nginx/1.26.2
2024/11/10 01:48:09 [notice] 1#1: built by gcc 13.2.1 20240309 (Alpine 13.2.1_git20240309) 
2024/11/10 01:48:09 [notice] 1#1: OS: Linux 5.15.153.1-microsoft-standard-WSL2
2024/11/10 01:48:09 [notice] 1#1: getrlimit(RLIMIT_NOFILE): 1048576:1048576
2024/11/10 01:48:09 [notice] 1#1: start worker processes
2024/11/10 01:48:09 [notice] 1#1: start worker process 29
2024/11/10 01:48:09 [notice] 1#1: start worker process 30
2024/11/10 01:48:09 [notice] 1#1: start worker process 31
2024/11/10 01:48:09 [notice] 1#1: start worker process 32
2024/11/10 01:48:09 [notice] 1#1: start worker process 33
2024/11/10 01:48:09 [notice] 1#1: start worker process 34
2024/11/10 01:48:09 [notice] 1#1: start worker process 35
2024/11/10 01:48:09 [notice] 1#1: start worker process 36
2024/11/10 01:49:58 [notice] 1#1: signal 3 (SIGQUIT) received, shutting down
2024/11/10 01:49:58 [notice] 29#29: gracefully shutting down
2024/11/10 01:49:58 [notice] 30#30: gracefully shutting down
2024/11/10 01:49:58 [notice] 30#30: exiting
2024/11/10 01:49:58 [notice] 31#31: gracefully shutting down
2024/11/10 01:49:58 [notice] 32#32: gracefully shutting down
2024/11/10 01:49:58 [notice] 33#33: gracefully shutting down
2024/11/10 01:49:58 [notice] 34#34: gracefully shutting down
2024/11/10 01:49:58 [notice] 35#35: gracefully shutting down
2024/11/10 01:49:58 [notice] 36#36: gracefully shutting down
2024/11/10 01:49:58 [notice] 29#29: exiting
2024/11/10 01:49:58 [notice] 30#30: exit
2024/11/10 01:49:58 [notice] 31#31: exiting
2024/11/10 01:49:58 [notice] 32#32: exiting
2024/11/10 01:49:58 [notice] 33#33: exiting
2024/11/10 01:49:58 [notice] 34#34: exiting
2024/11/10 01:49:58 [notice] 35#35: exiting
2024/11/10 01:49:58 [notice] 34#34: exit
2024/11/10 01:49:58 [notice] 36#36: exiting
2024/11/10 01:49:58 [notice] 29#29: exit
2024/11/10 01:49:58 [notice] 31#31: exit
2024/11/10 01:49:58 [notice] 32#32: exit
2024/11/10 01:49:58 [notice] 33#33: exit
2024/11/10 01:49:58 [notice] 35#35: exit
2024/11/10 01:49:58 [notice] 36#36: exit
2024/11/10 01:49:59 [notice] 1#1: signal 17 (SIGCHLD) received from 32
2024/11/10 01:49:59 [notice] 1#1: worker process 32 exited with code 0
2024/11/10 01:49:59 [notice] 1#1: signal 29 (SIGIO) received
2024/11/10 01:49:59 [notice] 1#1: signal 17 (SIGCHLD) received from 34
2024/11/10 01:49:59 [notice] 1#1: worker process 31 exited with code 0
2024/11/10 01:49:59 [notice] 1#1: worker process 34 exited with code 0
2024/11/10 01:49:59 [notice] 1#1: worker process 35 exited with code 0
2024/11/10 01:49:59 [notice] 1#1: signal 29 (SIGIO) received
2024/11/10 01:49:59 [notice] 1#1: signal 17 (SIGCHLD) received from 33
2024/11/10 01:49:59 [notice] 1#1: worker process 33 exited with code 0
2024/11/10 01:49:59 [notice] 1#1: signal 29 (SIGIO) received
2024/11/10 01:49:59 [notice] 1#1: signal 17 (SIGCHLD) received from 30
2024/11/10 01:49:59 [notice] 1#1: worker process 30 exited with code 0
2024/11/10 01:49:59 [notice] 1#1: signal 29 (SIGIO) received
2024/11/10 01:49:59 [notice] 1#1: signal 17 (SIGCHLD) received from 29
2024/11/10 01:49:59 [notice] 1#1: worker process 29 exited with code 0
2024/11/10 01:49:59 [notice] 1#1: worker process 36 exited with code 0
2024/11/10 01:49:59 [notice] 1#1: exit
2024/11/10 01:50:06 [notice] 1#1: using the "epoll" event method
2024/11/10 01:50:06 [notice] 1#1: nginx/1.26.2
2024/11/10 01:50:06 [notice] 1#1: built by gcc 13.2.1 20240309 (Alpine 13.2.1_git20240309) 
2024/11/10 01:50:06 [notice] 1#1: OS: Linux 5.15.153.1-microsoft-standard-WSL2
2024/11/10 01:50:06 [notice] 1#1: getrlimit(RLIMIT_NOFILE): 1048576:1048576
2024/11/10 01:50:06 [notice] 1#1: start worker processes
2024/11/10 01:50:06 [notice] 1#1: start worker process 29
2024/11/10 01:50:06 [notice] 1#1: start worker process 30
2024/11/10 01:50:06 [notice] 1#1: start worker process 31
2024/11/10 01:50:06 [notice] 1#1: start worker process 32
2024/11/10 01:50:06 [notice] 1#1: start worker process 33
2024/11/10 01:50:06 [notice] 1#1: start worker process 34
2024/11/10 01:50:06 [notice] 1#1: start worker process 35
2024/11/10 01:50:06 [notice] 1#1: start worker process 36
2024/11/10 01:51:05 [notice] 1#1: signal 3 (SIGQUIT) received, shutting down
2024/11/10 01:51:05 [notice] 29#29: gracefully shutting down
2024/11/10 01:51:05 [notice] 30#30: gracefully shutting down
2024/11/10 01:51:05 [notice] 31#31: gracefully shutting down
2024/11/10 01:51:05 [notice] 32#32: gracefully shutting down
2024/11/10 01:51:05 [notice] 33#33: gracefully shutting down
2024/11/10 01:51:05 [notice] 35#35: gracefully shutting down
2024/11/10 01:51:05 [notice] 34#34: gracefully shutting down
2024/11/10 01:51:05 [notice] 36#36: gracefully shutting down
2024/11/10 01:51:05 [notice] 29#29: exiting
2024/11/10 01:51:05 [notice] 30#30: exiting
2024/11/10 01:51:05 [notice] 31#31: exiting
2024/11/10 01:51:05 [notice] 32#32: exiting
2024/11/10 01:51:05 [notice] 33#33: exiting
2024/11/10 01:51:05 [notice] 35#35: exiting
2024/11/10 01:51:05 [notice] 34#34: exiting
2024/11/10 01:51:05 [notice] 36#36: exiting
2024/11/10 01:51:05 [notice] 29#29: exit
2024/11/10 01:51:05 [notice] 31#31: exit
2024/11/10 01:51:05 [notice] 30#30: exit
2024/11/10 01:51:05 [notice] 32#32: exit
2024/11/10 01:51:05 [notice] 33#33: exit
2024/11/10 01:51:05 [notice] 35#35: exit
2024/11/10 01:51:05 [notice] 34#34: exit
2024/11/10 01:51:05 [notice] 36#36: exit
2024/11/10 01:51:05 [notice] 1#1: signal 17 (SIGCHLD) received from 36
2024/11/10 01:51:05 [notice] 1#1: worker process 36 exited with code 0
2024/11/10 01:51:05 [notice] 1#1: signal 29 (SIGIO) received
2024/11/10 01:51:05 [notice] 1#1: signal 17 (SIGCHLD) received from 35
2024/11/10 01:51:05 [notice] 1#1: worker process 29 exited with code 0
2024/11/10 01:51:05 [notice] 1#1: worker process 31 exited with code 0
2024/11/10 01:51:05 [notice] 1#1: worker process 32 exited with code 0
2024/11/10 01:51:05 [notice] 1#1: worker process 34 exited with code 0
2024/11/10 01:51:05 [notice] 1#1: worker process 35 exited with code 0
2024/11/10 01:51:05 [notice] 1#1: signal 29 (SIGIO) received
2024/11/10 01:51:05 [notice] 1#1: signal 17 (SIGCHLD) received from 30
2024/11/10 01:51:05 [notice] 1#1: worker process 30 exited with code 0
2024/11/10 01:51:05 [notice] 1#1: signal 29 (SIGIO) received
2024/11/10 01:51:05 [notice] 1#1: signal 17 (SIGCHLD) received from 33
2024/11/10 01:51:05 [notice] 1#1: worker process 33 exited with code 0
2024/11/10 01:51:05 [notice] 1#1: exit
2024/11/10 01:51:21 [notice] 1#1: using the "epoll" event method
2024/11/10 01:51:21 [notice] 1#1: nginx/1.26.2
2024/11/10 01:51:21 [notice] 1#1: built by gcc 13.2.1 20240309 (Alpine 13.2.1_git20240309) 
2024/11/10 01:51:21 [notice] 1#1: OS: Linux 5.15.153.1-microsoft-standard-WSL2
2024/11/10 01:51:21 [notice] 1#1: getrlimit(RLIMIT_NOFILE): 1048576:1048576
2024/11/10 01:51:21 [notice] 1#1: start worker processes
2024/11/10 01:51:21 [notice] 1#1: start worker process 29
2024/11/10 01:51:21 [notice] 1#1: start worker process 30
2024/11/10 01:51:21 [notice] 1#1: start worker process 31
2024/11/10 01:51:21 [notice] 1#1: start worker process 32
2024/11/10 01:51:21 [notice] 1#1: start worker process 33
2024/11/10 01:51:21 [notice] 1#1: start worker process 34
2024/11/10 01:51:21 [notice] 1#1: start worker process 35
2024/11/10 01:51:21 [notice] 1#1: start worker process 36
2024/11/10 01:52:04 [notice] 1#1: signal 3 (SIGQUIT) received, shutting down
2024/11/10 01:52:04 [notice] 29#29: gracefully shutting down
2024/11/10 01:52:04 [notice] 36#36: gracefully shutting down
2024/11/10 01:52:04 [notice] 30#30: gracefully shutting down
2024/11/10 01:52:04 [notice] 30#30: exiting
2024/11/10 01:52:04 [notice] 31#31: gracefully shutting down
2024/11/10 01:52:04 [notice] 34#34: gracefully shutting down
2024/11/10 01:52:04 [notice] 34#34: exiting
2024/11/10 01:52:04 [notice] 32#32: gracefully shutting down
2024/11/10 01:52:04 [notice] 32#32: exiting
2024/11/10 01:52:04 [notice] 33#33: gracefully shutting down
2024/11/10 01:52:04 [notice] 35#35: gracefully shutting down
2024/11/10 01:52:04 [notice] 33#33: exiting
2024/11/10 01:52:04 [notice] 29#29: exiting
2024/11/10 01:52:04 [notice] 33#33: exit
2024/11/10 01:52:04 [notice] 36#36: exiting
2024/11/10 01:52:04 [notice] 30#30: exit
2024/11/10 01:52:04 [notice] 31#31: exiting
2024/11/10 01:52:04 [notice] 34#34: exit
2024/11/10 01:52:04 [notice] 32#32: exit
2024/11/10 01:52:04 [notice] 35#35: exiting
2024/11/10 01:52:04 [notice] 29#29: exit
2024/11/10 01:52:04 [notice] 36#36: exit
2024/11/10 01:52:04 [notice] 31#31: exit
2024/11/10 01:52:04 [notice] 35#35: exit
2024/11/10 01:52:04 [notice] 1#1: signal 17 (SIGCHLD) received from 35
2024/11/10 01:52:04 [notice] 1#1: worker process 35 exited with code 0
2024/11/10 01:52:04 [notice] 1#1: signal 29 (SIGIO) received
2024/11/10 01:52:04 [notice] 1#1: signal 17 (SIGCHLD) received from 32
2024/11/10 01:52:04 [notice] 1#1: worker process 32 exited with code 0
2024/11/10 01:52:04 [notice] 1#1: signal 29 (SIGIO) received
2024/11/10 01:52:04 [notice] 1#1: signal 17 (SIGCHLD) received from 31
2024/11/10 01:52:04 [notice] 1#1: worker process 31 exited with code 0
2024/11/10 01:52:04 [notice] 1#1: signal 29 (SIGIO) received
2024/11/10 01:52:04 [notice] 1#1: signal 17 (SIGCHLD) received from 33
2024/11/10 01:52:04 [notice] 1#1: worker process 30 exited with code 0
2024/11/10 01:52:04 [notice] 1#1: worker process 33 exited with code 0
2024/11/10 01:52:04 [notice] 1#1: worker process 36 exited with code 0
2024/11/10 01:52:04 [notice] 1#1: signal 29 (SIGIO) received
2024/11/10 01:52:04 [notice] 1#1: signal 17 (SIGCHLD) received from 30
2024/11/10 01:52:04 [notice] 1#1: signal 17 (SIGCHLD) received from 29
2024/11/10 01:52:04 [notice] 1#1: worker process 29 exited with code 0
2024/11/10 01:52:04 [notice] 1#1: signal 29 (SIGIO) received
2024/11/10 01:52:04 [notice] 1#1: signal 17 (SIGCHLD) received from 34
2024/11/10 01:52:04 [notice] 1#1: worker process 34 exited with code 0
2024/11/10 01:52:04 [notice] 1#1: exit
2024/11/10 01:52:13 [notice] 1#1: using the "epoll" event method
2024/11/10 01:52:13 [notice] 1#1: nginx/1.26.2
2024/11/10 01:52:13 [notice] 1#1: built by gcc 13.2.1 20240309 (Alpine 13.2.1_git20240309) 
2024/11/10 01:52:13 [notice] 1#1: OS: Linux 5.15.153.1-microsoft-standard-WSL2
2024/11/10 01:52:13 [notice] 1#1: getrlimit(RLIMIT_NOFILE): 1048576:1048576
2024/11/10 01:52:13 [notice] 1#1: start worker processes
2024/11/10 01:52:13 [notice] 1#1: start worker process 29
2024/11/10 01:52:13 [notice] 1#1: start worker process 30
2024/11/10 01:52:13 [notice] 1#1: start worker process 31
2024/11/10 01:52:13 [notice] 1#1: start worker process 32
2024/11/10 01:52:13 [notice] 1#1: start worker process 33
2024/11/10 01:52:13 [notice] 1#1: start worker process 34
2024/11/10 01:52:13 [notice] 1#1: start worker process 35
2024/11/10 01:52:13 [notice] 1#1: start worker process 36
2024/11/10 02:42:55 [notice] 1#1: using the "epoll" event method
2024/11/10 02:42:55 [notice] 1#1: nginx/1.26.2
2024/11/10 02:42:55 [notice] 1#1: built by gcc 13.2.1 20240309 (Alpine 13.2.1_git20240309) 
2024/11/10 02:42:55 [notice] 1#1: OS: Linux 5.15.153.1-microsoft-standard-WSL2
2024/11/10 02:42:55 [notice] 1#1: getrlimit(RLIMIT_NOFILE): 1048576:1048576
2024/11/10 02:42:55 [notice] 1#1: start worker processes
2024/11/10 02:42:55 [notice] 1#1: start worker process 29
2024/11/10 02:42:55 [notice] 1#1: start worker process 30
2024/11/10 02:42:55 [notice] 1#1: start worker process 31
2024/11/10 02:42:55 [notice] 1#1: start worker process 32
2024/11/10 02:42:55 [notice] 1#1: start worker process 33
2024/11/10 02:42:55 [notice] 1#1: start worker process 34
2024/11/10 02:42:55 [notice] 1#1: start worker process 35
2024/11/10 02:42:55 [notice] 1#1: start worker process 36
2024/11/10 02:44:45 [notice] 1#1: signal 3 (SIGQUIT) received, shutting down
2024/11/10 02:44:45 [notice] 30#30: gracefully shutting down
2024/11/10 02:44:45 [notice] 29#29: gracefully shutting down
2024/11/10 02:44:45 [notice] 33#33: gracefully shutting down
2024/11/10 02:44:45 [notice] 30#30: exiting
2024/11/10 02:44:45 [notice] 32#32: gracefully shutting down
2024/11/10 02:44:45 [notice] 31#31: gracefully shutting down
2024/11/10 02:44:45 [notice] 34#34: gracefully shutting down
2024/11/10 02:44:45 [notice] 36#36: gracefully shutting down
2024/11/10 02:44:45 [notice] 35#35: gracefully shutting down
2024/11/10 02:44:45 [notice] 29#29: exiting
2024/11/10 02:44:45 [notice] 33#33: exiting
2024/11/10 02:44:45 [notice] 32#32: exiting
2024/11/10 02:44:45 [notice] 31#31: exiting
2024/11/10 02:44:45 [notice] 34#34: exiting
2024/11/10 02:44:45 [notice] 30#30: exit
2024/11/10 02:44:45 [notice] 36#36: exiting
2024/11/10 02:44:45 [notice] 29#29: exit
2024/11/10 02:44:45 [notice] 35#35: exiting
2024/11/10 02:44:45 [notice] 33#33: exit
2024/11/10 02:44:45 [notice] 32#32: exit
2024/11/10 02:44:45 [notice] 31#31: exit
2024/11/10 02:44:45 [notice] 34#34: exit
2024/11/10 02:44:45 [notice] 36#36: exit
2024/11/10 02:44:45 [notice] 35#35: exit
2024/11/10 02:44:46 [notice] 1#1: signal 17 (SIGCHLD) received from 32
2024/11/10 02:44:46 [notice] 1#1: worker process 32 exited with code 0
2024/11/10 02:44:46 [notice] 1#1: signal 29 (SIGIO) received
2024/11/10 02:44:46 [notice] 1#1: signal 17 (SIGCHLD) received from 30
2024/11/10 02:44:46 [notice] 1#1: worker process 30 exited with code 0
2024/11/10 02:44:46 [notice] 1#1: worker process 31 exited with code 0
2024/11/10 02:44:46 [notice] 1#1: worker process 33 exited with code 0
2024/11/10 02:44:46 [notice] 1#1: worker process 34 exited with code 0
2024/11/10 02:44:46 [notice] 1#1: worker process 35 exited with code 0
2024/11/10 02:44:46 [notice] 1#1: signal 29 (SIGIO) received
2024/11/10 02:44:46 [notice] 1#1: signal 17 (SIGCHLD) received from 36
2024/11/10 02:44:46 [notice] 1#1: worker process 29 exited with code 0
2024/11/10 02:44:46 [notice] 1#1: worker process 36 exited with code 0
2024/11/10 02:44:46 [notice] 1#1: exit
2024/11/10 02:47:44 [notice] 1#1: using the "epoll" event method
2024/11/10 02:47:44 [notice] 1#1: nginx/1.26.2
2024/11/10 02:47:44 [notice] 1#1: built by gcc 13.2.1 20240309 (Alpine 13.2.1_git20240309) 
2024/11/10 02:47:44 [notice] 1#1: OS: Linux 5.15.153.1-microsoft-standard-WSL2
2024/11/10 02:47:44 [notice] 1#1: getrlimit(RLIMIT_NOFILE): 1048576:1048576
2024/11/10 02:47:44 [notice] 1#1: start worker processes
2024/11/10 02:47:44 [notice] 1#1: start worker process 29
2024/11/10 02:47:44 [notice] 1#1: start worker process 30
2024/11/10 02:47:44 [notice] 1#1: start worker process 31
2024/11/10 02:47:44 [notice] 1#1: start worker process 32
2024/11/10 02:47:44 [notice] 1#1: start worker process 33
2024/11/10 02:47:44 [notice] 1#1: start worker process 34
2024/11/10 02:47:44 [notice] 1#1: start worker process 35
2024/11/10 02:47:44 [notice] 1#1: start worker process 36
2024/11/10 02:50:54 [notice] 1#1: signal 3 (SIGQUIT) received, shutting down
2024/11/10 02:50:54 [notice] 30#30: gracefully shutting down
2024/11/10 02:50:54 [notice] 29#29: gracefully shutting down
2024/11/10 02:50:54 [notice] 31#31: gracefully shutting down
2024/11/10 02:50:54 [notice] 31#31: exiting
2024/11/10 02:50:54 [notice] 32#32: gracefully shutting down
2024/11/10 02:50:54 [notice] 33#33: gracefully shutting down
2024/11/10 02:50:54 [notice] 34#34: gracefully shutting down
2024/11/10 02:50:54 [notice] 35#35: gracefully shutting down
2024/11/10 02:50:54 [notice] 36#36: gracefully shutting down
2024/11/10 02:50:54 [notice] 30#30: exiting
2024/11/10 02:50:54 [notice] 29#29: exiting
2024/11/10 02:50:54 [notice] 31#31: exit
2024/11/10 02:50:54 [notice] 32#32: exiting
2024/11/10 02:50:54 [notice] 33#33: exiting
2024/11/10 02:50:54 [notice] 34#34: exiting
2024/11/10 02:50:54 [notice] 35#35: exiting
2024/11/10 02:50:54 [notice] 36#36: exiting
2024/11/10 02:50:54 [notice] 30#30: exit
2024/11/10 02:50:54 [notice] 29#29: exit
2024/11/10 02:50:54 [notice] 32#32: exit
2024/11/10 02:50:54 [notice] 33#33: exit
2024/11/10 02:50:54 [notice] 34#34: exit
2024/11/10 02:50:54 [notice] 35#35: exit
2024/11/10 02:50:54 [notice] 36#36: exit
2024/11/10 02:50:54 [notice] 1#1: signal 17 (SIGCHLD) received from 30
2024/11/10 02:50:54 [notice] 1#1: worker process 30 exited with code 0
2024/11/10 02:50:54 [notice] 1#1: signal 29 (SIGIO) received
2024/11/10 02:50:55 [notice] 1#1: signal 17 (SIGCHLD) received from 31
2024/11/10 02:50:55 [notice] 1#1: worker process 31 exited with code 0
2024/11/10 02:50:55 [notice] 1#1: signal 29 (SIGIO) received
2024/11/10 02:50:55 [notice] 1#1: signal 17 (SIGCHLD) received from 34
2024/11/10 02:50:55 [notice] 1#1: worker process 34 exited with code 0
2024/11/10 02:50:55 [notice] 1#1: signal 29 (SIGIO) received
2024/11/10 02:50:55 [notice] 1#1: signal 17 (SIGCHLD) received from 32
2024/11/10 02:50:55 [notice] 1#1: worker process 32 exited with code 0
2024/11/10 02:50:55 [notice] 1#1: worker process 33 exited with code 0
2024/11/10 02:50:55 [notice] 1#1: worker process 36 exited with code 0
2024/11/10 02:50:55 [notice] 1#1: signal 29 (SIGIO) received
2024/11/10 02:50:55 [notice] 1#1: signal 17 (SIGCHLD) received from 29
2024/11/10 02:50:55 [notice] 1#1: worker process 29 exited with code 0
2024/11/10 02:50:55 [notice] 1#1: worker process 35 exited with code 0
2024/11/10 02:50:55 [notice] 1#1: exit
2024/11/10 02:51:11 [notice] 1#1: using the "epoll" event method
2024/11/10 02:51:11 [notice] 1#1: nginx/1.26.2
2024/11/10 02:51:11 [notice] 1#1: built by gcc 13.2.1 20240309 (Alpine 13.2.1_git20240309) 
2024/11/10 02:51:11 [notice] 1#1: OS: Linux 5.15.153.1-microsoft-standard-WSL2
2024/11/10 02:51:11 [notice] 1#1: getrlimit(RLIMIT_NOFILE): 1048576:1048576
2024/11/10 02:51:11 [notice] 1#1: start worker processes
2024/11/10 02:51:11 [notice] 1#1: start worker process 29
2024/11/10 02:51:11 [notice] 1#1: start worker process 30
2024/11/10 02:51:11 [notice] 1#1: start worker process 31
2024/11/10 02:51:11 [notice] 1#1: start worker process 32
2024/11/10 02:51:11 [notice] 1#1: start worker process 33
2024/11/10 02:51:11 [notice] 1#1: start worker process 34
2024/11/10 02:51:11 [notice] 1#1: start worker process 35
2024/11/10 02:51:11 [notice] 1#1: start worker process 36
2024/11/10 02:53:19 [notice] 1#1: signal 3 (SIGQUIT) received, shutting down
2024/11/10 02:53:19 [notice] 30#30: gracefully shutting down
2024/11/10 02:53:19 [notice] 31#31: gracefully shutting down
2024/11/10 02:53:19 [notice] 33#33: gracefully shutting down
2024/11/10 02:53:19 [notice] 35#35: gracefully shutting down
2024/11/10 02:53:19 [notice] 36#36: gracefully shutting down
2024/11/10 02:53:19 [notice] 34#34: gracefully shutting down
2024/11/10 02:53:19 [notice] 34#34: exiting
2024/11/10 02:53:19 [notice] 29#29: gracefully shutting down
2024/11/10 02:53:19 [notice] 32#32: gracefully shutting down
2024/11/10 02:53:19 [notice] 32#32: exiting
2024/11/10 02:53:19 [notice] 30#30: exiting
2024/11/10 02:53:19 [notice] 31#31: exiting
2024/11/10 02:53:19 [notice] 30#30: exit
2024/11/10 02:53:19 [notice] 33#33: exiting
2024/11/10 02:53:19 [notice] 35#35: exiting
2024/11/10 02:53:19 [notice] 29#29: exiting
2024/11/10 02:53:19 [notice] 36#36: exiting
2024/11/10 02:53:19 [notice] 34#34: exit
2024/11/10 02:53:19 [notice] 32#32: exit
2024/11/10 02:53:19 [notice] 31#31: exit
2024/11/10 02:53:19 [notice] 35#35: exit
2024/11/10 02:53:19 [notice] 33#33: exit
2024/11/10 02:53:19 [notice] 29#29: exit
2024/11/10 02:53:19 [notice] 36#36: exit
2024/11/10 02:53:19 [notice] 1#1: signal 17 (SIGCHLD) received from 30
2024/11/10 02:53:19 [notice] 1#1: worker process 30 exited with code 0
2024/11/10 02:53:19 [notice] 1#1: signal 29 (SIGIO) received
2024/11/10 02:53:19 [notice] 1#1: signal 17 (SIGCHLD) received from 35
2024/11/10 02:53:19 [notice] 1#1: worker process 35 exited with code 0
2024/11/10 02:53:19 [notice] 1#1: worker process 32 exited with code 0
2024/11/10 02:53:19 [notice] 1#1: worker process 34 exited with code 0
2024/11/10 02:53:19 [notice] 1#1: signal 29 (SIGIO) received
2024/11/10 02:53:19 [notice] 1#1: signal 17 (SIGCHLD) received from 32
2024/11/10 02:53:19 [notice] 1#1: signal 17 (SIGCHLD) received from 31
2024/11/10 02:53:19 [notice] 1#1: worker process 31 exited with code 0
2024/11/10 02:53:19 [notice] 1#1: signal 29 (SIGIO) received
2024/11/10 02:53:19 [notice] 1#1: signal 17 (SIGCHLD) received from 29
2024/11/10 02:53:19 [notice] 1#1: worker process 29 exited with code 0
2024/11/10 02:53:19 [notice] 1#1: signal 29 (SIGIO) received
2024/11/10 02:53:19 [notice] 1#1: signal 17 (SIGCHLD) received from 33
2024/11/10 02:53:19 [notice] 1#1: worker process 33 exited with code 0
2024/11/10 02:53:19 [notice] 1#1: worker process 36 exited with code 0
2024/11/10 02:53:19 [notice] 1#1: exit
2024/11/10 02:56:17 [notice] 1#1: using the "epoll" event method
2024/11/10 02:56:17 [notice] 1#1: nginx/1.26.2
2024/11/10 02:56:17 [notice] 1#1: built by gcc 13.2.1 20240309 (Alpine 13.2.1_git20240309) 
2024/11/10 02:56:17 [notice] 1#1: OS: Linux 5.15.153.1-microsoft-standard-WSL2
2024/11/10 02:56:17 [notice] 1#1: getrlimit(RLIMIT_NOFILE): 1048576:1048576
2024/11/10 02:56:17 [notice] 1#1: start worker processes
2024/11/10 02:56:17 [notice] 1#1: start worker process 29
2024/11/10 02:56:17 [notice] 1#1: start worker process 30
2024/11/10 02:56:17 [notice] 1#1: start worker process 31
2024/11/10 02:56:17 [notice] 1#1: start worker process 32
2024/11/10 02:56:17 [notice] 1#1: start worker process 33
2024/11/10 02:56:17 [notice] 1#1: start worker process 34
2024/11/10 02:56:17 [notice] 1#1: start worker process 35
2024/11/10 02:56:17 [notice] 1#1: start worker process 36
2024/11/10 02:57:15 [notice] 1#1: signal 3 (SIGQUIT) received, shutting down
2024/11/10 02:57:15 [notice] 29#29: gracefully shutting down
2024/11/10 02:57:15 [notice] 29#29: exiting
2024/11/10 02:57:15 [notice] 30#30: gracefully shutting down
2024/11/10 02:57:15 [notice] 31#31: gracefully shutting down
2024/11/10 02:57:15 [notice] 32#32: gracefully shutting down
2024/11/10 02:57:15 [notice] 35#35: gracefully shutting down
2024/11/10 02:57:15 [notice] 36#36: gracefully shutting down
2024/11/10 02:57:15 [notice] 33#33: gracefully shutting down
2024/11/10 02:57:15 [notice] 34#34: gracefully shutting down
2024/11/10 02:57:15 [notice] 29#29: exit
2024/11/10 02:57:15 [notice] 30#30: exiting
2024/11/10 02:57:15 [notice] 31#31: exiting
2024/11/10 02:57:15 [notice] 32#32: exiting
2024/11/10 02:57:15 [notice] 31#31: exit
2024/11/10 02:57:15 [notice] 35#35: exiting
2024/11/10 02:57:15 [notice] 36#36: exiting
2024/11/10 02:57:15 [notice] 33#33: exiting
2024/11/10 02:57:15 [notice] 34#34: exiting
2024/11/10 02:57:15 [notice] 30#30: exit
2024/11/10 02:57:15 [notice] 32#32: exit
2024/11/10 02:57:15 [notice] 35#35: exit
2024/11/10 02:57:15 [notice] 36#36: exit
2024/11/10 02:57:15 [notice] 33#33: exit
2024/11/10 02:57:15 [notice] 34#34: exit
2024/11/10 02:57:16 [notice] 1#1: signal 17 (SIGCHLD) received from 30
2024/11/10 02:57:16 [notice] 1#1: worker process 29 exited with code 0
2024/11/10 02:57:16 [notice] 1#1: worker process 30 exited with code 0
2024/11/10 02:57:16 [notice] 1#1: worker process 31 exited with code 0
2024/11/10 02:57:16 [notice] 1#1: worker process 32 exited with code 0
2024/11/10 02:57:16 [notice] 1#1: worker process 34 exited with code 0
2024/11/10 02:57:16 [notice] 1#1: worker process 35 exited with code 0
2024/11/10 02:57:16 [notice] 1#1: worker process 36 exited with code 0
2024/11/10 02:57:16 [notice] 1#1: signal 29 (SIGIO) received
2024/11/10 02:57:16 [notice] 1#1: signal 17 (SIGCHLD) received from 34
2024/11/10 02:57:16 [notice] 1#1: signal 17 (SIGCHLD) received from 33
2024/11/10 02:57:16 [notice] 1#1: worker process 33 exited with code 0
2024/11/10 02:57:16 [notice] 1#1: exit
2024/11/10 02:58:54 [notice] 1#1: using the "epoll" event method
2024/11/10 02:58:54 [notice] 1#1: nginx/1.26.2
2024/11/10 02:58:54 [notice] 1#1: built by gcc 13.2.1 20240309 (Alpine 13.2.1_git20240309) 
2024/11/10 02:58:54 [notice] 1#1: OS: Linux 5.15.153.1-microsoft-standard-WSL2
2024/11/10 02:58:54 [notice] 1#1: getrlimit(RLIMIT_NOFILE): 1048576:1048576
2024/11/10 02:58:54 [notice] 1#1: start worker processes
2024/11/10 02:58:54 [notice] 1#1: start worker process 29
2024/11/10 02:58:54 [notice] 1#1: start worker process 30
2024/11/10 02:58:54 [notice] 1#1: start worker process 31
2024/11/10 02:58:54 [notice] 1#1: start worker process 32
2024/11/10 02:58:54 [notice] 1#1: start worker process 33
2024/11/10 02:58:54 [notice] 1#1: start worker process 34
2024/11/10 02:58:54 [notice] 1#1: start worker process 35
2024/11/10 02:58:54 [notice] 1#1: start worker process 36
2024/11/10 02:59:25 [notice] 1#1: signal 3 (SIGQUIT) received, shutting down
2024/11/10 02:59:25 [notice] 29#29: gracefully shutting down
2024/11/10 02:59:25 [notice] 30#30: gracefully shutting down
2024/11/10 02:59:25 [notice] 31#31: gracefully shutting down
2024/11/10 02:59:25 [notice] 34#34: gracefully shutting down
2024/11/10 02:59:25 [notice] 33#33: gracefully shutting down
2024/11/10 02:59:25 [notice] 32#32: gracefully shutting down
2024/11/10 02:59:25 [notice] 35#35: gracefully shutting down
2024/11/10 02:59:25 [notice] 36#36: gracefully shutting down
2024/11/10 02:59:25 [notice] 29#29: exiting
2024/11/10 02:59:25 [notice] 30#30: exiting
2024/11/10 02:59:25 [notice] 31#31: exiting
2024/11/10 02:59:25 [notice] 34#34: exiting
2024/11/10 02:59:25 [notice] 33#33: exiting
2024/11/10 02:59:25 [notice] 32#32: exiting
2024/11/10 02:59:25 [notice] 35#35: exiting
2024/11/10 02:59:25 [notice] 36#36: exiting
2024/11/10 02:59:25 [notice] 29#29: exit
2024/11/10 02:59:25 [notice] 30#30: exit
2024/11/10 02:59:25 [notice] 31#31: exit
2024/11/10 02:59:25 [notice] 34#34: exit
2024/11/10 02:59:25 [notice] 33#33: exit
2024/11/10 02:59:25 [notice] 32#32: exit
2024/11/10 02:59:25 [notice] 35#35: exit
2024/11/10 02:59:25 [notice] 36#36: exit
2024/11/10 02:59:25 [notice] 1#1: signal 17 (SIGCHLD) received from 34
2024/11/10 02:59:25 [notice] 1#1: worker process 29 exited with code 0
2024/11/10 02:59:25 [notice] 1#1: worker process 30 exited with code 0
2024/11/10 02:59:25 [notice] 1#1: worker process 32 exited with code 0
2024/11/10 02:59:25 [notice] 1#1: worker process 34 exited with code 0
2024/11/10 02:59:25 [notice] 1#1: worker process 36 exited with code 0
2024/11/10 02:59:25 [notice] 1#1: signal 29 (SIGIO) received
2024/11/10 02:59:25 [notice] 1#1: signal 17 (SIGCHLD) received from 32
2024/11/10 02:59:25 [notice] 1#1: signal 17 (SIGCHLD) received from 31
2024/11/10 02:59:25 [notice] 1#1: worker process 31 exited with code 0
2024/11/10 02:59:25 [notice] 1#1: worker process 33 exited with code 0
2024/11/10 02:59:25 [notice] 1#1: worker process 35 exited with code 0
2024/11/10 02:59:25 [notice] 1#1: exit
2024/11/10 03:03:55 [notice] 1#1: using the "epoll" event method
2024/11/10 03:03:55 [notice] 1#1: nginx/1.26.2
2024/11/10 03:03:55 [notice] 1#1: built by gcc 13.2.1 20240309 (Alpine 13.2.1_git20240309) 
2024/11/10 03:03:55 [notice] 1#1: OS: Linux 5.15.153.1-microsoft-standard-WSL2
2024/11/10 03:03:55 [notice] 1#1: getrlimit(RLIMIT_NOFILE): 1048576:1048576
2024/11/10 03:03:55 [notice] 1#1: start worker processes
2024/11/10 03:03:55 [notice] 1#1: start worker process 29
2024/11/10 03:03:55 [notice] 1#1: start worker process 30
2024/11/10 03:03:55 [notice] 1#1: start worker process 31
2024/11/10 03:03:55 [notice] 1#1: start worker process 32
2024/11/10 03:03:55 [notice] 1#1: start worker process 33
2024/11/10 03:03:55 [notice] 1#1: start worker process 34
2024/11/10 03:03:55 [notice] 1#1: start worker process 35
2024/11/10 03:03:55 [notice] 1#1: start worker process 36
2024/11/10 03:06:15 [notice] 1#1: signal 3 (SIGQUIT) received, shutting down
2024/11/10 03:06:15 [notice] 29#29: gracefully shutting down
2024/11/10 03:06:15 [notice] 34#34: gracefully shutting down
2024/11/10 03:06:15 [notice] 31#31: gracefully shutting down
2024/11/10 03:06:15 [notice] 31#31: exiting
2024/11/10 03:06:15 [notice] 30#30: gracefully shutting down
2024/11/10 03:06:15 [notice] 32#32: gracefully shutting down
2024/11/10 03:06:15 [notice] 32#32: exiting
2024/11/10 03:06:15 [notice] 33#33: gracefully shutting down
2024/11/10 03:06:15 [notice] 35#35: gracefully shutting down
2024/11/10 03:06:15 [notice] 29#29: exiting
2024/11/10 03:06:15 [notice] 36#36: gracefully shutting down
2024/11/10 03:06:15 [notice] 34#34: exiting
2024/11/10 03:06:15 [notice] 31#31: exit
2024/11/10 03:06:15 [notice] 34#34: exit
2024/11/10 03:06:15 [notice] 30#30: exiting
2024/11/10 03:06:15 [notice] 32#32: exit
2024/11/10 03:06:15 [notice] 33#33: exiting
2024/11/10 03:06:15 [notice] 35#35: exiting
2024/11/10 03:06:15 [notice] 29#29: exit
2024/11/10 03:06:15 [notice] 36#36: exiting
2024/11/10 03:06:15 [notice] 30#30: exit
2024/11/10 03:06:15 [notice] 33#33: exit
2024/11/10 03:06:15 [notice] 35#35: exit
2024/11/10 03:06:15 [notice] 36#36: exit
2024/11/10 03:06:15 [notice] 1#1: signal 17 (SIGCHLD) received from 30
2024/11/10 03:06:15 [notice] 1#1: worker process 30 exited with code 0
2024/11/10 03:06:15 [notice] 1#1: signal 29 (SIGIO) received
2024/11/10 03:06:15 [notice] 1#1: signal 17 (SIGCHLD) received from 34
2024/11/10 03:06:15 [notice] 1#1: worker process 34 exited with code 0
2024/11/10 03:06:15 [notice] 1#1: signal 29 (SIGIO) received
2024/11/10 03:06:15 [notice] 1#1: signal 17 (SIGCHLD) received from 32
2024/11/10 03:06:15 [notice] 1#1: worker process 32 exited with code 0
2024/11/10 03:06:15 [notice] 1#1: worker process 33 exited with code 0
2024/11/10 03:06:15 [notice] 1#1: signal 29 (SIGIO) received
2024/11/10 03:06:15 [notice] 1#1: signal 17 (SIGCHLD) received from 31
2024/11/10 03:06:15 [notice] 1#1: worker process 29 exited with code 0
2024/11/10 03:06:15 [notice] 1#1: worker process 31 exited with code 0
2024/11/10 03:06:15 [notice] 1#1: signal 29 (SIGIO) received
2024/11/10 03:06:15 [notice] 1#1: signal 17 (SIGCHLD) received from 35
2024/11/10 03:06:15 [notice] 1#1: worker process 35 exited with code 0
2024/11/10 03:06:15 [notice] 1#1: signal 29 (SIGIO) received
2024/11/10 03:06:15 [notice] 1#1: signal 17 (SIGCHLD) received from 36
2024/11/10 03:06:15 [notice] 1#1: worker process 36 exited with code 0
2024/11/10 03:06:15 [notice] 1#1: exit
2024/11/10 03:06:16 [notice] 1#1: using the "epoll" event method
2024/11/10 03:06:16 [notice] 1#1: nginx/1.26.2
2024/11/10 03:06:16 [notice] 1#1: built by gcc 13.2.1 20240309 (Alpine 13.2.1_git20240309) 
2024/11/10 03:06:16 [notice] 1#1: OS: Linux 5.15.153.1-microsoft-standard-WSL2
2024/11/10 03:06:16 [notice] 1#1: getrlimit(RLIMIT_NOFILE): 1048576:1048576
2024/11/10 03:06:16 [notice] 1#1: start worker processes
2024/11/10 03:06:16 [notice] 1#1: start worker process 29
2024/11/10 03:06:16 [notice] 1#1: start worker process 30
2024/11/10 03:06:16 [notice] 1#1: start worker process 31
2024/11/10 03:06:16 [notice] 1#1: start worker process 32
2024/11/10 03:06:16 [notice] 1#1: start worker process 33
2024/11/10 03:06:16 [notice] 1#1: start worker process 34
2024/11/10 03:06:16 [notice] 1#1: start worker process 35
2024/11/10 03:06:16 [notice] 1#1: start worker process 36
2024/11/10 03:07:43 [notice] 1#1: signal 3 (SIGQUIT) received, shutting down
2024/11/10 03:07:43 [notice] 30#30: gracefully shutting down
2024/11/10 03:07:43 [notice] 35#35: gracefully shutting down
2024/11/10 03:07:43 [notice] 29#29: gracefully shutting down
2024/11/10 03:07:43 [notice] 29#29: exiting
2024/11/10 03:07:43 [notice] 31#31: gracefully shutting down
2024/11/10 03:07:43 [notice] 31#31: exiting
2024/11/10 03:07:43 [notice] 32#32: gracefully shutting down
2024/11/10 03:07:43 [notice] 33#33: gracefully shutting down
2024/11/10 03:07:43 [notice] 34#34: gracefully shutting down
2024/11/10 03:07:43 [notice] 36#36: gracefully shutting down
2024/11/10 03:07:43 [notice] 30#30: exiting
2024/11/10 03:07:43 [notice] 35#35: exiting
2024/11/10 03:07:43 [notice] 29#29: exit
2024/11/10 03:07:43 [notice] 31#31: exit
2024/11/10 03:07:43 [notice] 32#32: exiting
2024/11/10 03:07:43 [notice] 33#33: exiting
2024/11/10 03:07:43 [notice] 34#34: exiting
2024/11/10 03:07:43 [notice] 36#36: exiting
2024/11/10 03:07:43 [notice] 30#30: exit
2024/11/10 03:07:43 [notice] 35#35: exit
2024/11/10 03:07:43 [notice] 32#32: exit
2024/11/10 03:07:43 [notice] 33#33: exit
2024/11/10 03:07:43 [notice] 34#34: exit
2024/11/10 03:07:43 [notice] 36#36: exit
2024/11/10 03:07:43 [notice] 1#1: signal 17 (SIGCHLD) received from 30
2024/11/10 03:07:43 [notice] 1#1: worker process 29 exited with code 0
2024/11/10 03:07:43 [notice] 1#1: worker process 30 exited with code 0
2024/11/10 03:07:43 [notice] 1#1: worker process 35 exited with code 0
2024/11/10 03:07:43 [notice] 1#1: signal 29 (SIGIO) received
2024/11/10 03:07:43 [notice] 1#1: signal 17 (SIGCHLD) received from 33
2024/11/10 03:07:43 [notice] 1#1: worker process 31 exited with code 0
2024/11/10 03:07:43 [notice] 1#1: worker process 32 exited with code 0
2024/11/10 03:07:43 [notice] 1#1: worker process 33 exited with code 0
2024/11/10 03:07:43 [notice] 1#1: worker process 34 exited with code 0
2024/11/10 03:07:43 [notice] 1#1: worker process 36 exited with code 0
2024/11/10 03:07:43 [notice] 1#1: exit
2024/11/10 03:08:00 [notice] 1#1: using the "epoll" event method
2024/11/10 03:08:00 [notice] 1#1: nginx/1.26.2
2024/11/10 03:08:00 [notice] 1#1: built by gcc 13.2.1 20240309 (Alpine 13.2.1_git20240309) 
2024/11/10 03:08:00 [notice] 1#1: OS: Linux 5.15.153.1-microsoft-standard-WSL2
2024/11/10 03:08:00 [notice] 1#1: getrlimit(RLIMIT_NOFILE): 1048576:1048576
2024/11/10 03:08:00 [notice] 1#1: start worker processes
2024/11/10 03:08:00 [notice] 1#1: start worker process 29
2024/11/10 03:08:00 [notice] 1#1: start worker process 30
2024/11/10 03:08:00 [notice] 1#1: start worker process 31
2024/11/10 03:08:00 [notice] 1#1: start worker process 32
2024/11/10 03:08:00 [notice] 1#1: start worker process 33
2024/11/10 03:08:00 [notice] 1#1: start worker process 34
2024/11/10 03:08:00 [notice] 1#1: start worker process 35
2024/11/10 03:08:00 [notice] 1#1: start worker process 36
2024/11/10 03:09:58 [notice] 1#1: signal 3 (SIGQUIT) received, shutting down
2024/11/10 03:09:58 [notice] 29#29: gracefully shutting down
2024/11/10 03:09:58 [notice] 31#31: gracefully shutting down
2024/11/10 03:09:58 [notice] 30#30: gracefully shutting down
2024/11/10 03:09:58 [notice] 33#33: gracefully shutting down
2024/11/10 03:09:58 [notice] 35#35: gracefully shutting down
2024/11/10 03:09:58 [notice] 32#32: gracefully shutting down
2024/11/10 03:09:58 [notice] 34#34: gracefully shutting down
2024/11/10 03:09:58 [notice] 36#36: gracefully shutting down
2024/11/10 03:09:58 [notice] 29#29: exiting
2024/11/10 03:09:58 [notice] 31#31: exiting
2024/11/10 03:09:58 [notice] 30#30: exiting
2024/11/10 03:09:58 [notice] 33#33: exiting
2024/11/10 03:09:58 [notice] 35#35: exiting
2024/11/10 03:09:58 [notice] 32#32: exiting
2024/11/10 03:09:58 [notice] 34#34: exiting
2024/11/10 03:09:58 [notice] 36#36: exiting
2024/11/10 03:09:58 [notice] 29#29: exit
2024/11/10 03:09:58 [notice] 31#31: exit
2024/11/10 03:09:58 [notice] 30#30: exit
2024/11/10 03:09:58 [notice] 33#33: exit
2024/11/10 03:09:58 [notice] 35#35: exit
2024/11/10 03:09:58 [notice] 32#32: exit
2024/11/10 03:09:58 [notice] 34#34: exit
2024/11/10 03:09:58 [notice] 36#36: exit
2024/11/10 03:09:58 [notice] 1#1: signal 17 (SIGCHLD) received from 34
2024/11/10 03:09:58 [notice] 1#1: worker process 34 exited with code 0
2024/11/10 03:09:58 [notice] 1#1: signal 29 (SIGIO) received
2024/11/10 03:09:58 [notice] 1#1: signal 17 (SIGCHLD) received from 31
2024/11/10 03:09:58 [notice] 1#1: worker process 29 exited with code 0
2024/11/10 03:09:58 [notice] 1#1: worker process 30 exited with code 0
2024/11/10 03:09:58 [notice] 1#1: worker process 31 exited with code 0
2024/11/10 03:09:58 [notice] 1#1: worker process 32 exited with code 0
2024/11/10 03:09:58 [notice] 1#1: worker process 33 exited with code 0
2024/11/10 03:09:58 [notice] 1#1: worker process 35 exited with code 0
2024/11/10 03:09:58 [notice] 1#1: worker process 36 exited with code 0
2024/11/10 03:09:58 [notice] 1#1: exit
2024/11/10 03:22:56 [notice] 1#1: using the "epoll" event method
2024/11/10 03:22:56 [notice] 1#1: nginx/1.26.2
2024/11/10 03:22:56 [notice] 1#1: built by gcc 13.2.1 20240309 (Alpine 13.2.1_git20240309) 
2024/11/10 03:22:56 [notice] 1#1: OS: Linux 5.15.153.1-microsoft-standard-WSL2
2024/11/10 03:22:56 [notice] 1#1: getrlimit(RLIMIT_NOFILE): 1048576:1048576
2024/11/10 03:22:56 [notice] 1#1: start worker processes
2024/11/10 03:22:56 [notice] 1#1: start worker process 30
2024/11/10 03:22:56 [notice] 1#1: start worker process 31
2024/11/10 03:22:56 [notice] 1#1: start worker process 32
2024/11/10 03:22:56 [notice] 1#1: start worker process 33
2024/11/10 03:22:56 [notice] 1#1: start worker process 34
2024/11/10 03:22:56 [notice] 1#1: start worker process 35
2024/11/10 03:22:56 [notice] 1#1: start worker process 36
2024/11/10 03:22:56 [notice] 1#1: start worker process 37
